2025-02-20T21:10:22.458+09:00  INFO 21112 --- [gateway-server] [main] o.m.g.GatewayServerApplication           : The following 1 profile is active: "local"
2025-02-20T21:10:24.545+09:00  INFO 21112 --- [gateway-server] [main] o.s.cloud.context.scope.GenericScope     : BeanFactory id=21b00e31-26c9-3e93-a49b-f6a0518d2d88
2025-02-20T21:10:25.943+09:00  INFO 21112 --- [gateway-server] [main] o.s.c.g.r.RouteDefinitionRouteLocator    : Loaded RoutePredicateFactory [After]
2025-02-20T21:10:25.944+09:00  INFO 21112 --- [gateway-server] [main] o.s.c.g.r.RouteDefinitionRouteLocator    : Loaded RoutePredicateFactory [Before]
2025-02-20T21:10:25.944+09:00  INFO 21112 --- [gateway-server] [main] o.s.c.g.r.RouteDefinitionRouteLocator    : Loaded RoutePredicateFactory [Between]
2025-02-20T21:10:25.944+09:00  INFO 21112 --- [gateway-server] [main] o.s.c.g.r.RouteDefinitionRouteLocator    : Loaded RoutePredicateFactory [Cookie]
2025-02-20T21:10:25.945+09:00  INFO 21112 --- [gateway-server] [main] o.s.c.g.r.RouteDefinitionRouteLocator    : Loaded RoutePredicateFactory [Header]
2025-02-20T21:10:25.945+09:00  INFO 21112 --- [gateway-server] [main] o.s.c.g.r.RouteDefinitionRouteLocator    : Loaded RoutePredicateFactory [Host]
2025-02-20T21:10:25.945+09:00  INFO 21112 --- [gateway-server] [main] o.s.c.g.r.RouteDefinitionRouteLocator    : Loaded RoutePredicateFactory [Method]
2025-02-20T21:10:25.945+09:00  INFO 21112 --- [gateway-server] [main] o.s.c.g.r.RouteDefinitionRouteLocator    : Loaded RoutePredicateFactory [Path]
2025-02-20T21:10:25.945+09:00  INFO 21112 --- [gateway-server] [main] o.s.c.g.r.RouteDefinitionRouteLocator    : Loaded RoutePredicateFactory [Query]
2025-02-20T21:10:25.945+09:00  INFO 21112 --- [gateway-server] [main] o.s.c.g.r.RouteDefinitionRouteLocator    : Loaded RoutePredicateFactory [ReadBody]
2025-02-20T21:10:25.945+09:00  INFO 21112 --- [gateway-server] [main] o.s.c.g.r.RouteDefinitionRouteLocator    : Loaded RoutePredicateFactory [RemoteAddr]
2025-02-20T21:10:25.945+09:00  INFO 21112 --- [gateway-server] [main] o.s.c.g.r.RouteDefinitionRouteLocator    : Loaded RoutePredicateFactory [XForwardedRemoteAddr]
2025-02-20T21:10:25.946+09:00  INFO 21112 --- [gateway-server] [main] o.s.c.g.r.RouteDefinitionRouteLocator    : Loaded RoutePredicateFactory [Weight]
2025-02-20T21:10:25.946+09:00  INFO 21112 --- [gateway-server] [main] o.s.c.g.r.RouteDefinitionRouteLocator    : Loaded RoutePredicateFactory [CloudFoundryRouteService]
2025-02-20T21:10:26.642+09:00  INFO 21112 --- [gateway-server] [main] o.s.b.a.e.web.EndpointLinksResolver      : Exposing 3 endpoints beneath base path '/actuator'
2025-02-20T21:10:26.984+09:00  INFO 21112 --- [gateway-server] [main] DiscoveryClientOptionalArgsConfiguration : Eureka HTTP Client uses RestTemplate.
2025-02-20T21:10:27.037+09:00  WARN 21112 --- [gateway-server] [main] iguration$LoadBalancerCaffeineWarnLogger : Spring Cloud LoadBalancer is currently working with the default cache. While this cache implementation is useful for development and tests, it's recommended to use Caffeine cache in production.You can switch to using Caffeine cache, by adding it and org.springframework.cache.caffeine.CaffeineCacheManager to the classpath.
2025-02-20T21:10:27.123+09:00  INFO 21112 --- [gateway-server] [main] o.s.c.n.eureka.InstanceInfoFactory       : Setting initial instance status as: STARTING
2025-02-20T21:10:27.169+09:00  INFO 21112 --- [gateway-server] [main] com.netflix.discovery.DiscoveryClient    : Initializing Eureka in region us-east-1
2025-02-20T21:10:27.175+09:00  INFO 21112 --- [gateway-server] [main] c.n.d.s.r.aws.ConfigClusterResolver      : Resolving eureka endpoints via configuration
2025-02-20T21:10:27.185+09:00  INFO 21112 --- [gateway-server] [main] com.netflix.discovery.DiscoveryClient    : Disable delta property : false
2025-02-20T21:10:27.185+09:00  INFO 21112 --- [gateway-server] [main] com.netflix.discovery.DiscoveryClient    : Single vip registry refresh property : null
2025-02-20T21:10:27.186+09:00  INFO 21112 --- [gateway-server] [main] com.netflix.discovery.DiscoveryClient    : Force full registry fetch : false
2025-02-20T21:10:27.186+09:00  INFO 21112 --- [gateway-server] [main] com.netflix.discovery.DiscoveryClient    : Application is null : false
2025-02-20T21:10:27.186+09:00  INFO 21112 --- [gateway-server] [main] com.netflix.discovery.DiscoveryClient    : Registered Applications size is zero : true
2025-02-20T21:10:27.186+09:00  INFO 21112 --- [gateway-server] [main] com.netflix.discovery.DiscoveryClient    : Application version is -1: true
2025-02-20T21:10:27.186+09:00  INFO 21112 --- [gateway-server] [main] com.netflix.discovery.DiscoveryClient    : Getting all instance registry info from the eureka server
2025-02-20T21:10:27.864+09:00  INFO 21112 --- [gateway-server] [main] com.netflix.discovery.DiscoveryClient    : The response status is 200
2025-02-20T21:10:27.869+09:00  INFO 21112 --- [gateway-server] [main] com.netflix.discovery.DiscoveryClient    : Starting heartbeat executor: renew interval is: 30
2025-02-20T21:10:27.873+09:00  INFO 21112 --- [gateway-server] [main] c.n.discovery.InstanceInfoReplicator     : InstanceInfoReplicator onDemand update allowed rate per min is 4
2025-02-20T21:10:27.875+09:00  INFO 21112 --- [gateway-server] [main] com.netflix.discovery.DiscoveryClient    : Discovery Client initialized at timestamp 1740053427874 with initial instances count: 0
2025-02-20T21:10:27.880+09:00  INFO 21112 --- [gateway-server] [main] o.s.c.n.e.s.EurekaServiceRegistry        : Registering application GATEWAY-SERVER with eureka with status UP
2025-02-20T21:10:27.882+09:00  INFO 21112 --- [gateway-server] [main] com.netflix.discovery.DiscoveryClient    : Saw local status change event StatusChangeEvent [timestamp=1740053427882, current=UP, previous=STARTING]
2025-02-20T21:10:27.885+09:00  INFO 21112 --- [gateway-server] [DiscoveryClient-InstanceInfoReplicator-%d] com.netflix.discovery.DiscoveryClient    : DiscoveryClient_GATEWAY-SERVER/DESKTOP-NQP2DLJ:gateway-server:8070: registering service...
2025-02-20T21:10:28.034+09:00  INFO 21112 --- [gateway-server] [DiscoveryClient-InstanceInfoReplicator-%d] com.netflix.discovery.DiscoveryClient    : DiscoveryClient_GATEWAY-SERVER/DESKTOP-NQP2DLJ:gateway-server:8070 - registration status: 204
2025-02-20T21:10:28.222+09:00  INFO 21112 --- [gateway-server] [main] o.s.b.web.embedded.netty.NettyWebServer  : Netty started on port 8070 (http)
2025-02-20T21:10:28.224+09:00  INFO 21112 --- [gateway-server] [main] .s.c.n.e.s.EurekaAutoServiceRegistration : Updating port to 8070
2025-02-20T21:10:28.449+09:00  INFO 21112 --- [gateway-server] [main] o.m.g.GatewayServerApplication           : Started GatewayServerApplication in 7.761 seconds (process running for 10.357)
2025-02-20T21:10:57.878+09:00  INFO 21112 --- [gateway-server] [DiscoveryClient-CacheRefreshExecutor-%d] com.netflix.discovery.DiscoveryClient    : Disable delta property : false
2025-02-20T21:10:57.879+09:00  INFO 21112 --- [gateway-server] [DiscoveryClient-CacheRefreshExecutor-%d] com.netflix.discovery.DiscoveryClient    : Single vip registry refresh property : null
2025-02-20T21:10:57.879+09:00  INFO 21112 --- [gateway-server] [DiscoveryClient-CacheRefreshExecutor-%d] com.netflix.discovery.DiscoveryClient    : Force full registry fetch : false
2025-02-20T21:10:57.879+09:00  INFO 21112 --- [gateway-server] [DiscoveryClient-CacheRefreshExecutor-%d] com.netflix.discovery.DiscoveryClient    : Application is null : false
2025-02-20T21:10:57.879+09:00  INFO 21112 --- [gateway-server] [DiscoveryClient-CacheRefreshExecutor-%d] com.netflix.discovery.DiscoveryClient    : Registered Applications size is zero : true
2025-02-20T21:10:57.880+09:00  INFO 21112 --- [gateway-server] [DiscoveryClient-CacheRefreshExecutor-%d] com.netflix.discovery.DiscoveryClient    : Application version is -1: false
2025-02-20T21:10:57.880+09:00  INFO 21112 --- [gateway-server] [DiscoveryClient-CacheRefreshExecutor-%d] com.netflix.discovery.DiscoveryClient    : Getting all instance registry info from the eureka server
2025-02-20T21:10:57.901+09:00  INFO 21112 --- [gateway-server] [DiscoveryClient-CacheRefreshExecutor-%d] com.netflix.discovery.DiscoveryClient    : The response status is 200
2025-02-20T21:15:27.203+09:00  INFO 21112 --- [gateway-server] [AsyncResolver-bootstrap-executor-%d] c.n.d.s.r.aws.ConfigClusterResolver      : Resolving eureka endpoints via configuration
2025-02-20T21:20:10.781+09:00  INFO 21112 --- [gateway-server] [RMI TCP Connection(2)-127.0.0.1] inMXBeanRegistrar$SpringApplicationAdmin : Application shutdown requested.
2025-02-20T21:20:10.782+09:00  INFO 21112 --- [gateway-server] [RMI TCP Connection(2)-127.0.0.1] o.s.c.n.e.s.EurekaServiceRegistry        : Unregistering application GATEWAY-SERVER with eureka with status DOWN
2025-02-20T21:20:10.782+09:00  INFO 21112 --- [gateway-server] [RMI TCP Connection(2)-127.0.0.1] com.netflix.discovery.DiscoveryClient    : Saw local status change event StatusChangeEvent [timestamp=1740054010782, current=DOWN, previous=UP]
2025-02-20T21:20:10.782+09:00  INFO 21112 --- [gateway-server] [DiscoveryClient-InstanceInfoReplicator-%d] com.netflix.discovery.DiscoveryClient    : DiscoveryClient_GATEWAY-SERVER/DESKTOP-NQP2DLJ:gateway-server:8070: registering service...
2025-02-20T21:20:10.784+09:00  INFO 21112 --- [gateway-server] [RMI TCP Connection(2)-127.0.0.1] o.s.b.w.embedded.netty.GracefulShutdown  : Commencing graceful shutdown. Waiting for active requests to complete
2025-02-20T21:20:10.787+09:00  INFO 21112 --- [gateway-server] [netty-shutdown] o.s.b.w.embedded.netty.GracefulShutdown  : Graceful shutdown complete
2025-02-20T21:20:10.788+09:00  INFO 21112 --- [gateway-server] [DiscoveryClient-InstanceInfoReplicator-%d] com.netflix.discovery.DiscoveryClient    : DiscoveryClient_GATEWAY-SERVER/DESKTOP-NQP2DLJ:gateway-server:8070 - registration status: 204
2025-02-20T21:20:12.810+09:00  INFO 21112 --- [gateway-server] [RMI TCP Connection(2)-127.0.0.1] com.netflix.discovery.DiscoveryClient    : Shutting down DiscoveryClient ...
2025-02-20T21:20:15.823+09:00  INFO 21112 --- [gateway-server] [RMI TCP Connection(2)-127.0.0.1] com.netflix.discovery.DiscoveryClient    : Unregistering ...
2025-02-20T21:20:15.830+09:00  INFO 21112 --- [gateway-server] [RMI TCP Connection(2)-127.0.0.1] com.netflix.discovery.DiscoveryClient    : DiscoveryClient_GATEWAY-SERVER/DESKTOP-NQP2DLJ:gateway-server:8070 - deregister  status: 200
2025-02-20T21:20:15.831+09:00  INFO 21112 --- [gateway-server] [RMI TCP Connection(2)-127.0.0.1] com.netflix.discovery.DiscoveryClient    : Completed shut down of DiscoveryClient
