2025-02-24T21:57:06.898+09:00  INFO 12744 --- [eureka-server] [main] o.m.e.EurekaServerApplication            : The following 1 profile is active: "local"
2025-02-24T21:57:07.595+09:00  INFO 12744 --- [eureka-server] [main] o.s.cloud.context.scope.GenericScope     : BeanFactory id=728e8535-72b6-31cc-89e8-93d846d818b6
2025-02-24T21:57:07.780+09:00  INFO 12744 --- [eureka-server] [main] o.s.b.w.embedded.tomcat.TomcatWebServer  : Tomcat initialized with port 8761 (http)
2025-02-24T21:57:07.790+09:00  INFO 12744 --- [eureka-server] [main] o.apache.catalina.core.StandardService   : Starting service [Tomcat]
2025-02-24T21:57:07.790+09:00  INFO 12744 --- [eureka-server] [main] o.apache.catalina.core.StandardEngine    : Starting Servlet engine: [Apache Tomcat/10.1.34]
2025-02-24T21:57:07.874+09:00  INFO 12744 --- [eureka-server] [main] o.a.c.c.C.[Tomcat].[localhost].[/]       : Initializing Spring embedded WebApplicationContext
2025-02-24T21:57:07.875+09:00  INFO 12744 --- [eureka-server] [main] w.s.c.ServletWebServerApplicationContext : Root WebApplicationContext: initialization completed in 960 ms
2025-02-24T21:57:08.563+09:00  INFO 12744 --- [eureka-server] [main] c.n.d.provider.DiscoveryJerseyProvider   : Using JSON encoding codec LegacyJacksonJson
2025-02-24T21:57:08.564+09:00  INFO 12744 --- [eureka-server] [main] c.n.d.provider.DiscoveryJerseyProvider   : Using JSON decoding codec LegacyJacksonJson
2025-02-24T21:57:08.684+09:00  INFO 12744 --- [eureka-server] [main] c.n.d.provider.DiscoveryJerseyProvider   : Using XML encoding codec XStreamXml
2025-02-24T21:57:08.684+09:00  INFO 12744 --- [eureka-server] [main] c.n.d.provider.DiscoveryJerseyProvider   : Using XML decoding codec XStreamXml
2025-02-24T21:57:08.794+09:00  INFO 12744 --- [eureka-server] [main] o.s.v.b.OptionalValidatorFactoryBean     : Failed to set up a Bean Validation provider: jakarta.validation.NoProviderFoundException: Unable to create a Configuration, because no Jakarta Bean Validation provider could be found. Add a provider like Hibernate Validator (RI) to your classpath.
2025-02-24T21:57:09.494+09:00  WARN 12744 --- [eureka-server] [main] iguration$LoadBalancerCaffeineWarnLogger : Spring Cloud LoadBalancer is currently working with the default cache. While this cache implementation is useful for development and tests, it's recommended to use Caffeine cache in production.You can switch to using Caffeine cache, by adding it and org.springframework.cache.caffeine.CaffeineCacheManager to the classpath.
2025-02-24T21:57:09.509+09:00  INFO 12744 --- [eureka-server] [main] o.s.c.n.eureka.InstanceInfoFactory       : Setting initial instance status as: STARTING
2025-02-24T21:57:09.527+09:00  INFO 12744 --- [eureka-server] [main] com.netflix.discovery.DiscoveryClient    : Initializing Eureka in region us-east-1
2025-02-24T21:57:09.528+09:00  INFO 12744 --- [eureka-server] [main] com.netflix.discovery.DiscoveryClient    : Client configured to neither register nor query for data.
2025-02-24T21:57:09.529+09:00  INFO 12744 --- [eureka-server] [main] com.netflix.discovery.DiscoveryClient    : Discovery Client initialized at timestamp 1740401829529 with initial instances count: 0
2025-02-24T21:57:09.570+09:00  INFO 12744 --- [eureka-server] [main] c.n.eureka.DefaultEurekaServerContext    : Initializing ...
2025-02-24T21:57:09.572+09:00  WARN 12744 --- [eureka-server] [main] c.n.eureka.cluster.PeerEurekaNodes       : The replica size seems to be empty. Check the route 53 DNS Registry
2025-02-24T21:57:09.585+09:00  INFO 12744 --- [eureka-server] [main] c.n.e.registry.AbstractInstanceRegistry  : Finished initializing remote region registries. All known remote regions: []
2025-02-24T21:57:09.585+09:00  INFO 12744 --- [eureka-server] [main] c.n.eureka.DefaultEurekaServerContext    : Initialized
2025-02-24T21:57:09.591+09:00  INFO 12744 --- [eureka-server] [main] o.s.b.a.e.web.EndpointLinksResolver      : Exposing 18 endpoints beneath base path '/actuator'
2025-02-24T21:57:09.644+09:00  INFO 12744 --- [eureka-server] [main] o.s.c.n.e.s.EurekaServiceRegistry        : Registering application EUREKA-SERVER with eureka with status UP
2025-02-24T21:57:09.653+09:00  INFO 12744 --- [eureka-server] [Thread-10] o.s.c.n.e.server.EurekaServerBootstrap   : isAws returned false
2025-02-24T21:57:09.654+09:00  INFO 12744 --- [eureka-server] [Thread-10] o.s.c.n.e.server.EurekaServerBootstrap   : Initialized server context
2025-02-24T21:57:09.654+09:00  INFO 12744 --- [eureka-server] [Thread-10] c.n.e.r.PeerAwareInstanceRegistryImpl    : Got 1 instances from neighboring DS node
2025-02-24T21:57:09.654+09:00  INFO 12744 --- [eureka-server] [Thread-10] c.n.e.r.PeerAwareInstanceRegistryImpl    : Renew threshold is: 1
2025-02-24T21:57:09.654+09:00  INFO 12744 --- [eureka-server] [Thread-10] c.n.e.r.PeerAwareInstanceRegistryImpl    : Changing status to UP
2025-02-24T21:57:09.656+09:00  INFO 12744 --- [eureka-server] [Thread-10] e.s.EurekaServerInitializerConfiguration : Started Eureka Server
2025-02-24T21:57:09.663+09:00  INFO 12744 --- [eureka-server] [main] o.s.b.w.embedded.tomcat.TomcatWebServer  : Tomcat started on port 8761 (http) with context path '/'
2025-02-24T21:57:09.664+09:00  INFO 12744 --- [eureka-server] [main] .s.c.n.e.s.EurekaAutoServiceRegistration : Updating port to 8761
2025-02-24T21:57:09.743+09:00  INFO 12744 --- [eureka-server] [main] o.m.e.EurekaServerApplication            : Started EurekaServerApplication in 3.952 seconds (process running for 4.714)
2025-02-24T21:58:09.656+09:00  INFO 12744 --- [eureka-server] [Eureka-EvictionTimer] c.n.e.registry.AbstractInstanceRegistry  : Running the evict task with compensationTime 0ms
2025-02-24T21:59:09.663+09:00  INFO 12744 --- [eureka-server] [Eureka-EvictionTimer] c.n.e.registry.AbstractInstanceRegistry  : Running the evict task with compensationTime 7ms
2025-02-24T22:00:09.678+09:00  INFO 12744 --- [eureka-server] [Eureka-EvictionTimer] c.n.e.registry.AbstractInstanceRegistry  : Running the evict task with compensationTime 14ms
2025-02-24T22:01:09.678+09:00  INFO 12744 --- [eureka-server] [Eureka-EvictionTimer] c.n.e.registry.AbstractInstanceRegistry  : Running the evict task with compensationTime 0ms
2025-02-24T22:02:09.681+09:00  INFO 12744 --- [eureka-server] [Eureka-EvictionTimer] c.n.e.registry.AbstractInstanceRegistry  : Running the evict task with compensationTime 3ms
2025-02-24T22:03:03.286+09:00  INFO 12744 --- [eureka-server] [http-nio-8761-exec-1] o.a.c.c.C.[Tomcat].[localhost].[/]       : Initializing Spring DispatcherServlet 'dispatcherServlet'
2025-02-24T22:03:03.287+09:00  INFO 12744 --- [eureka-server] [http-nio-8761-exec-1] o.s.web.servlet.DispatcherServlet        : Initializing Servlet 'dispatcherServlet'
2025-02-24T22:03:03.288+09:00  INFO 12744 --- [eureka-server] [http-nio-8761-exec-1] o.s.web.servlet.DispatcherServlet        : Completed initialization in 1 ms
2025-02-24T22:03:03.454+09:00  INFO 12744 --- [eureka-server] [http-nio-8761-exec-2] c.n.e.registry.AbstractInstanceRegistry  : Registered instance GATEWAY-SERVER/DESKTOP-NQP2DLJ:gateway-server:8070 with status UP (replication=false)
2025-02-24T22:03:09.690+09:00  INFO 12744 --- [eureka-server] [Eureka-EvictionTimer] c.n.e.registry.AbstractInstanceRegistry  : Running the evict task with compensationTime 8ms
2025-02-24T22:03:19.987+09:00  INFO 12744 --- [eureka-server] [http-nio-8761-exec-4] c.n.e.registry.AbstractInstanceRegistry  : Registered instance ITEM-SERVICE/DESKTOP-NQP2DLJ:3b1101aed9b1ae914f04f3cfdd9b3964 with status UP (replication=false)
2025-02-24T22:03:31.775+09:00  INFO 12744 --- [eureka-server] [http-nio-8761-exec-6] c.n.e.registry.AbstractInstanceRegistry  : Registered instance AUTHENTICATION-SERVER/DESKTOP-NQP2DLJ:authentication-server:8900 with status UP (replication=false)
2025-02-24T22:04:09.690+09:00  INFO 12744 --- [eureka-server] [Eureka-EvictionTimer] c.n.e.registry.AbstractInstanceRegistry  : Running the evict task with compensationTime 0ms
2025-02-24T22:05:09.691+09:00  INFO 12744 --- [eureka-server] [Eureka-EvictionTimer] c.n.e.registry.AbstractInstanceRegistry  : Running the evict task with compensationTime 0ms
2025-02-24T22:06:09.692+09:00  INFO 12744 --- [eureka-server] [Eureka-EvictionTimer] c.n.e.registry.AbstractInstanceRegistry  : Running the evict task with compensationTime 1ms
2025-02-24T22:06:56.212+09:00  INFO 12744 --- [eureka-server] [http-nio-8761-exec-8] c.n.e.registry.AbstractInstanceRegistry  : Registered instance GATEWAY-SERVER/DESKTOP-NQP2DLJ:gateway-server:8070 with status DOWN (replication=false)
2025-02-24T22:07:01.252+09:00  INFO 12744 --- [eureka-server] [http-nio-8761-exec-7] c.n.e.registry.AbstractInstanceRegistry  : Cancelled instance GATEWAY-SERVER/DESKTOP-NQP2DLJ:gateway-server:8070 (replication=false)
2025-02-24T22:07:09.585+09:00  WARN 12744 --- [eureka-server] [Eureka-PeerNodesUpdater] c.n.eureka.cluster.PeerEurekaNodes       : The replica size seems to be empty. Check the route 53 DNS Registry
2025-02-24T22:07:09.704+09:00  INFO 12744 --- [eureka-server] [Eureka-EvictionTimer] c.n.e.registry.AbstractInstanceRegistry  : Running the evict task with compensationTime 12ms
2025-02-24T22:08:09.705+09:00  INFO 12744 --- [eureka-server] [Eureka-EvictionTimer] c.n.e.registry.AbstractInstanceRegistry  : Running the evict task with compensationTime 0ms
2025-02-24T22:09:09.709+09:00  INFO 12744 --- [eureka-server] [Eureka-EvictionTimer] c.n.e.registry.AbstractInstanceRegistry  : Running the evict task with compensationTime 4ms
2025-02-24T22:10:09.712+09:00  INFO 12744 --- [eureka-server] [Eureka-EvictionTimer] c.n.e.registry.AbstractInstanceRegistry  : Running the evict task with compensationTime 3ms
2025-02-24T22:10:26.744+09:00  INFO 12744 --- [eureka-server] [http-nio-8761-exec-10] c.n.e.registry.AbstractInstanceRegistry  : Registered instance GATEWAY-SERVER/DESKTOP-NQP2DLJ:gateway-server:8070 with status UP (replication=false)
2025-02-24T22:11:09.725+09:00  INFO 12744 --- [eureka-server] [Eureka-EvictionTimer] c.n.e.registry.AbstractInstanceRegistry  : Running the evict task with compensationTime 12ms
2025-02-24T22:11:29.789+09:00  INFO 12744 --- [eureka-server] [http-nio-8761-exec-4] c.n.e.registry.AbstractInstanceRegistry  : Registered instance GATEWAY-SERVER/DESKTOP-NQP2DLJ:gateway-server:8070 with status DOWN (replication=false)
2025-02-24T22:11:34.849+09:00  INFO 12744 --- [eureka-server] [http-nio-8761-exec-6] c.n.e.registry.AbstractInstanceRegistry  : Cancelled instance GATEWAY-SERVER/DESKTOP-NQP2DLJ:gateway-server:8070 (replication=false)
2025-02-24T22:11:36.126+09:00  INFO 12744 --- [eureka-server] [http-nio-8761-exec-10] c.n.e.registry.AbstractInstanceRegistry  : Registered instance AUTHENTICATION-SERVER/DESKTOP-NQP2DLJ:authentication-server:8900 with status DOWN (replication=false)
2025-02-24T22:11:39.212+09:00  INFO 12744 --- [eureka-server] [http-nio-8761-exec-9] c.n.e.registry.AbstractInstanceRegistry  : Cancelled instance AUTHENTICATION-SERVER/DESKTOP-NQP2DLJ:authentication-server:8900 (replication=false)
2025-02-24T22:11:40.427+09:00  INFO 12744 --- [eureka-server] [http-nio-8761-exec-4] c.n.e.registry.AbstractInstanceRegistry  : Registered instance ITEM-SERVICE/DESKTOP-NQP2DLJ:3b1101aed9b1ae914f04f3cfdd9b3964 with status DOWN (replication=false)
2025-02-24T22:11:41.398+09:00  INFO 12744 --- [eureka-server] [RMI TCP Connection(2)-127.0.0.1] inMXBeanRegistrar$SpringApplicationAdmin : Application shutdown requested.
2025-02-24T22:11:41.399+09:00  INFO 12744 --- [eureka-server] [RMI TCP Connection(2)-127.0.0.1] o.s.c.n.e.s.EurekaServiceRegistry        : Unregistering application EUREKA-SERVER with eureka with status DOWN
2025-02-24T22:11:41.401+09:00  INFO 12744 --- [eureka-server] [RMI TCP Connection(2)-127.0.0.1] o.s.b.w.e.tomcat.GracefulShutdown        : Commencing graceful shutdown. Waiting for active requests to complete
2025-02-24T22:11:41.462+09:00  INFO 12744 --- [eureka-server] [tomcat-shutdown] o.s.b.w.e.tomcat.GracefulShutdown        : Graceful shutdown complete
2025-02-24T22:11:41.464+09:00  INFO 12744 --- [eureka-server] [RMI TCP Connection(2)-127.0.0.1] o.s.c.n.e.server.EurekaServerBootstrap   : Shutting down Eureka Server..
2025-02-24T22:11:41.464+09:00  INFO 12744 --- [eureka-server] [RMI TCP Connection(2)-127.0.0.1] c.n.eureka.DefaultEurekaServerContext    : Shutting down ...
2025-02-24T22:11:41.464+09:00  INFO 12744 --- [eureka-server] [RMI TCP Connection(2)-127.0.0.1] c.n.eureka.DefaultEurekaServerContext    : Shut down
2025-02-24T22:11:41.464+09:00  INFO 12744 --- [eureka-server] [RMI TCP Connection(2)-127.0.0.1] o.s.c.n.e.server.EurekaServerBootstrap   : Eureka Service is now shutdown...
2025-02-24T22:11:41.464+09:00  INFO 12744 --- [eureka-server] [RMI TCP Connection(2)-127.0.0.1] c.n.eureka.DefaultEurekaServerContext    : Shutting down ...
2025-02-24T22:11:41.465+09:00  INFO 12744 --- [eureka-server] [RMI TCP Connection(2)-127.0.0.1] c.n.eureka.DefaultEurekaServerContext    : Shut down
2025-02-24T22:11:41.468+09:00  INFO 12744 --- [eureka-server] [RMI TCP Connection(2)-127.0.0.1] com.netflix.discovery.DiscoveryClient    : Shutting down DiscoveryClient ...
2025-02-24T22:11:41.468+09:00  INFO 12744 --- [eureka-server] [RMI TCP Connection(2)-127.0.0.1] com.netflix.discovery.DiscoveryClient    : Completed shut down of DiscoveryClient
2025-02-24T22:11:41.469+09:00  INFO 12744 --- [eureka-server] [RMI TCP Connection(2)-127.0.0.1] o.apache.catalina.core.StandardService   : Stopping service [Tomcat]
2025-02-24T22:11:41.470+09:00  INFO 12744 --- [eureka-server] [RMI TCP Connection(2)-127.0.0.1] o.a.c.c.C.[Tomcat].[localhost].[/]       : Destroying Spring FrameworkServlet 'dispatcherServlet'
