2025-02-20T21:11:19.728+09:00  INFO 27528 --- [item-service] [restartedMain] org.msa.item.ItemServiceApplication      : The following 1 profile is active: "local"
2025-02-20T21:11:20.866+09:00  INFO 27528 --- [item-service] [restartedMain] .s.d.r.c.RepositoryConfigurationDelegate : Bootstrapping Spring Data JPA repositories in DEFAULT mode.
2025-02-20T21:11:20.992+09:00  INFO 27528 --- [item-service] [restartedMain] .s.d.r.c.RepositoryConfigurationDelegate : Finished Spring Data repository scanning in 116 ms. Found 1 JPA repository interface.
2025-02-20T21:11:21.235+09:00  INFO 27528 --- [item-service] [restartedMain] o.s.cloud.context.scope.GenericScope     : BeanFactory id=bd4e0ec5-79a1-31bc-8456-55fbab6204a2
2025-02-20T21:11:21.897+09:00  INFO 27528 --- [item-service] [restartedMain] o.s.b.w.embedded.tomcat.TomcatWebServer  : Tomcat initialized with port 0 (http)
2025-02-20T21:11:21.912+09:00  INFO 27528 --- [item-service] [restartedMain] o.apache.catalina.core.StandardService   : Starting service [Tomcat]
2025-02-20T21:11:21.912+09:00  INFO 27528 --- [item-service] [restartedMain] o.apache.catalina.core.StandardEngine    : Starting Servlet engine: [Apache Tomcat/10.1.34]
2025-02-20T21:11:21.984+09:00  INFO 27528 --- [item-service] [restartedMain] o.a.c.c.C.[Tomcat].[localhost].[/]       : Initializing Spring embedded WebApplicationContext
2025-02-20T21:11:21.985+09:00  INFO 27528 --- [item-service] [restartedMain] w.s.c.ServletWebServerApplicationContext : Root WebApplicationContext: initialization completed in 2242 ms
2025-02-20T21:11:22.330+09:00  INFO 27528 --- [item-service] [restartedMain] o.hibernate.jpa.internal.util.LogHelper  : HHH000204: Processing PersistenceUnitInfo [name: default]
2025-02-20T21:11:22.412+09:00  INFO 27528 --- [item-service] [restartedMain] org.hibernate.Version                    : HHH000412: Hibernate ORM core version 6.6.5.Final
2025-02-20T21:11:22.454+09:00  INFO 27528 --- [item-service] [restartedMain] o.h.c.internal.RegionFactoryInitiator    : HHH000026: Second-level cache disabled
2025-02-20T21:11:22.787+09:00  INFO 27528 --- [item-service] [restartedMain] o.s.o.j.p.SpringPersistenceUnitInfo      : No LoadTimeWeaver setup: ignoring JPA class transformer
2025-02-20T21:11:22.832+09:00  INFO 27528 --- [item-service] [restartedMain] com.zaxxer.hikari.HikariDataSource       : HikariPool-1 - Starting...
2025-02-20T21:11:23.054+09:00  INFO 27528 --- [item-service] [restartedMain] com.zaxxer.hikari.pool.HikariPool        : HikariPool-1 - Added connection org.postgresql.jdbc.PgConnection@1f9cb2c7
2025-02-20T21:11:23.056+09:00  INFO 27528 --- [item-service] [restartedMain] com.zaxxer.hikari.HikariDataSource       : HikariPool-1 - Start completed.
2025-02-20T21:11:23.112+09:00  WARN 27528 --- [item-service] [restartedMain] org.hibernate.orm.deprecation            : HHH90000025: PostgreSQLDialect does not need to be specified explicitly using 'hibernate.dialect' (remove the property setting and it will be selected by default)
2025-02-20T21:11:23.133+09:00  INFO 27528 --- [item-service] [restartedMain] org.hibernate.orm.connections.pooling    : HHH10001005: Database info:
	Database JDBC URL [Connecting through datasource 'HikariDataSource (HikariPool-1)']
	Database driver: undefined/unknown
	Database version: 17.2
	Autocommit mode: undefined/unknown
	Isolation level: undefined/unknown
	Minimum pool size: undefined/unknown
	Maximum pool size: undefined/unknown
2025-02-20T21:11:24.046+09:00  INFO 27528 --- [item-service] [restartedMain] o.h.e.t.j.p.i.JtaPlatformInitiator       : HHH000489: No JTA platform available (set 'hibernate.transaction.jta.platform' to enable JTA platform integration)
2025-02-20T21:11:24.102+09:00  INFO 27528 --- [item-service] [restartedMain] j.LocalContainerEntityManagerFactoryBean : Initialized JPA EntityManagerFactory for persistence unit 'default'
2025-02-20T21:11:24.521+09:00  WARN 27528 --- [item-service] [restartedMain] JpaBaseConfiguration$JpaWebConfiguration : spring.jpa.open-in-view is enabled by default. Therefore, database queries may be performed during view rendering. Explicitly configure spring.jpa.open-in-view to disable this warning
2025-02-20T21:11:25.606+09:00  INFO 27528 --- [item-service] [restartedMain] o.s.b.d.a.OptionalLiveReloadServer       : LiveReload server is running on port 35729
2025-02-20T21:11:25.714+09:00  INFO 27528 --- [item-service] [restartedMain] DiscoveryClientOptionalArgsConfiguration : Eureka HTTP Client uses RestTemplate.
2025-02-20T21:11:25.781+09:00  WARN 27528 --- [item-service] [restartedMain] iguration$LoadBalancerCaffeineWarnLogger : Spring Cloud LoadBalancer is currently working with the default cache. While this cache implementation is useful for development and tests, it's recommended to use Caffeine cache in production.You can switch to using Caffeine cache, by adding it and org.springframework.cache.caffeine.CaffeineCacheManager to the classpath.
2025-02-20T21:11:25.792+09:00  INFO 27528 --- [item-service] [restartedMain] o.s.b.a.e.web.EndpointLinksResolver      : Exposing 3 endpoints beneath base path '/actuator'
2025-02-20T21:11:25.929+09:00  INFO 27528 --- [item-service] [restartedMain] o.s.b.w.embedded.tomcat.TomcatWebServer  : Tomcat started on port 56211 (http) with context path '/'
2025-02-20T21:11:25.930+09:00  INFO 27528 --- [item-service] [restartedMain] .s.c.n.e.s.EurekaAutoServiceRegistration : Updating port to 56211
2025-02-20T21:11:25.935+09:00  INFO 27528 --- [item-service] [restartedMain] o.s.c.n.eureka.InstanceInfoFactory       : Setting initial instance status as: STARTING
2025-02-20T21:11:25.961+09:00  INFO 27528 --- [item-service] [restartedMain] com.netflix.discovery.DiscoveryClient    : Initializing Eureka in region us-east-1
2025-02-20T21:11:25.965+09:00  INFO 27528 --- [item-service] [restartedMain] c.n.d.s.r.aws.ConfigClusterResolver      : Resolving eureka endpoints via configuration
2025-02-20T21:11:25.973+09:00  INFO 27528 --- [item-service] [restartedMain] com.netflix.discovery.DiscoveryClient    : Disable delta property : false
2025-02-20T21:11:25.974+09:00  INFO 27528 --- [item-service] [restartedMain] com.netflix.discovery.DiscoveryClient    : Single vip registry refresh property : null
2025-02-20T21:11:25.974+09:00  INFO 27528 --- [item-service] [restartedMain] com.netflix.discovery.DiscoveryClient    : Force full registry fetch : false
2025-02-20T21:11:25.974+09:00  INFO 27528 --- [item-service] [restartedMain] com.netflix.discovery.DiscoveryClient    : Application is null : false
2025-02-20T21:11:25.974+09:00  INFO 27528 --- [item-service] [restartedMain] com.netflix.discovery.DiscoveryClient    : Registered Applications size is zero : true
2025-02-20T21:11:25.974+09:00  INFO 27528 --- [item-service] [restartedMain] com.netflix.discovery.DiscoveryClient    : Application version is -1: true
2025-02-20T21:11:25.974+09:00  INFO 27528 --- [item-service] [restartedMain] com.netflix.discovery.DiscoveryClient    : Getting all instance registry info from the eureka server
2025-02-20T21:11:26.248+09:00  INFO 27528 --- [item-service] [restartedMain] com.netflix.discovery.DiscoveryClient    : The response status is 200
2025-02-20T21:11:26.249+09:00  INFO 27528 --- [item-service] [restartedMain] com.netflix.discovery.DiscoveryClient    : Starting heartbeat executor: renew interval is: 30
2025-02-20T21:11:26.254+09:00  INFO 27528 --- [item-service] [restartedMain] c.n.discovery.InstanceInfoReplicator     : InstanceInfoReplicator onDemand update allowed rate per min is 4
2025-02-20T21:11:26.256+09:00  INFO 27528 --- [item-service] [restartedMain] com.netflix.discovery.DiscoveryClient    : Discovery Client initialized at timestamp 1740053486255 with initial instances count: 1
2025-02-20T21:11:26.264+09:00  INFO 27528 --- [item-service] [restartedMain] o.s.c.n.e.s.EurekaServiceRegistry        : Registering application ITEM-SERVICE with eureka with status UP
2025-02-20T21:11:26.265+09:00  INFO 27528 --- [item-service] [restartedMain] com.netflix.discovery.DiscoveryClient    : Saw local status change event StatusChangeEvent [timestamp=1740053486265, current=UP, previous=STARTING]
2025-02-20T21:11:26.266+09:00  INFO 27528 --- [item-service] [DiscoveryClient-InstanceInfoReplicator-%d] com.netflix.discovery.DiscoveryClient    : DiscoveryClient_ITEM-SERVICE/DESKTOP-NQP2DLJ:8552c08a77a429245b56b734ebf46c82: registering service...
2025-02-20T21:11:26.303+09:00  INFO 27528 --- [item-service] [DiscoveryClient-InstanceInfoReplicator-%d] com.netflix.discovery.DiscoveryClient    : DiscoveryClient_ITEM-SERVICE/DESKTOP-NQP2DLJ:8552c08a77a429245b56b734ebf46c82 - registration status: 204
2025-02-20T21:11:26.359+09:00  INFO 27528 --- [item-service] [restartedMain] org.msa.item.ItemServiceApplication      : Started ItemServiceApplication in 7.825 seconds (process running for 8.777)
2025-02-20T21:14:31.687+09:00  INFO 27528 --- [item-service] [RMI TCP Connection(2)-127.0.0.1] inMXBeanRegistrar$SpringApplicationAdmin : Application shutdown requested.
2025-02-20T21:14:31.688+09:00  INFO 27528 --- [item-service] [RMI TCP Connection(2)-127.0.0.1] o.s.c.n.e.s.EurekaServiceRegistry        : Unregistering application ITEM-SERVICE with eureka with status DOWN
2025-02-20T21:14:31.688+09:00  INFO 27528 --- [item-service] [RMI TCP Connection(2)-127.0.0.1] com.netflix.discovery.DiscoveryClient    : Saw local status change event StatusChangeEvent [timestamp=1740053671688, current=DOWN, previous=UP]
2025-02-20T21:14:31.689+09:00  INFO 27528 --- [item-service] [DiscoveryClient-InstanceInfoReplicator-%d] com.netflix.discovery.DiscoveryClient    : DiscoveryClient_ITEM-SERVICE/DESKTOP-NQP2DLJ:8552c08a77a429245b56b734ebf46c82: registering service...
2025-02-20T21:14:31.691+09:00  INFO 27528 --- [item-service] [RMI TCP Connection(2)-127.0.0.1] o.s.b.w.e.tomcat.GracefulShutdown        : Commencing graceful shutdown. Waiting for active requests to complete
2025-02-20T21:14:31.696+09:00  INFO 27528 --- [item-service] [DiscoveryClient-InstanceInfoReplicator-%d] com.netflix.discovery.DiscoveryClient    : DiscoveryClient_ITEM-SERVICE/DESKTOP-NQP2DLJ:8552c08a77a429245b56b734ebf46c82 - registration status: 204
2025-02-20T21:14:31.751+09:00  INFO 27528 --- [item-service] [tomcat-shutdown] o.s.b.w.e.tomcat.GracefulShutdown        : Graceful shutdown complete
2025-02-20T21:14:31.758+09:00  INFO 27528 --- [item-service] [RMI TCP Connection(2)-127.0.0.1] j.LocalContainerEntityManagerFactoryBean : Closing JPA EntityManagerFactory for persistence unit 'default'
2025-02-20T21:14:31.761+09:00  INFO 27528 --- [item-service] [RMI TCP Connection(2)-127.0.0.1] com.zaxxer.hikari.HikariDataSource       : HikariPool-1 - Shutdown initiated...
2025-02-20T21:14:31.765+09:00  INFO 27528 --- [item-service] [RMI TCP Connection(2)-127.0.0.1] com.zaxxer.hikari.HikariDataSource       : HikariPool-1 - Shutdown completed.
2025-02-20T21:14:31.769+09:00  INFO 27528 --- [item-service] [RMI TCP Connection(2)-127.0.0.1] com.netflix.discovery.DiscoveryClient    : Shutting down DiscoveryClient ...
2025-02-20T21:14:34.771+09:00  INFO 27528 --- [item-service] [RMI TCP Connection(2)-127.0.0.1] com.netflix.discovery.DiscoveryClient    : Unregistering ...
2025-02-20T21:14:34.777+09:00  INFO 27528 --- [item-service] [RMI TCP Connection(2)-127.0.0.1] com.netflix.discovery.DiscoveryClient    : DiscoveryClient_ITEM-SERVICE/DESKTOP-NQP2DLJ:8552c08a77a429245b56b734ebf46c82 - deregister  status: 200
2025-02-20T21:14:34.777+09:00  INFO 27528 --- [item-service] [RMI TCP Connection(2)-127.0.0.1] com.netflix.discovery.DiscoveryClient    : Completed shut down of DiscoveryClient
2025-02-20T21:14:34.778+09:00  INFO 27528 --- [item-service] [RMI TCP Connection(2)-127.0.0.1] o.apache.catalina.core.StandardService   : Stopping service [Tomcat]
2025-02-20T21:21:52.581+09:00  INFO 37496 --- [item-service] [restartedMain] org.msa.item.ItemServiceApplication      : The following 1 profile is active: "local"
2025-02-20T21:21:53.506+09:00  INFO 37496 --- [item-service] [restartedMain] .s.d.r.c.RepositoryConfigurationDelegate : Bootstrapping Spring Data JPA repositories in DEFAULT mode.
2025-02-20T21:21:53.637+09:00  INFO 37496 --- [item-service] [restartedMain] .s.d.r.c.RepositoryConfigurationDelegate : Finished Spring Data repository scanning in 122 ms. Found 1 JPA repository interface.
2025-02-20T21:21:53.881+09:00  INFO 37496 --- [item-service] [restartedMain] o.s.cloud.context.scope.GenericScope     : BeanFactory id=bd4e0ec5-79a1-31bc-8456-55fbab6204a2
2025-02-20T21:21:54.508+09:00  INFO 37496 --- [item-service] [restartedMain] o.s.b.w.embedded.tomcat.TomcatWebServer  : Tomcat initialized with port 0 (http)
2025-02-20T21:21:54.522+09:00  INFO 37496 --- [item-service] [restartedMain] o.apache.catalina.core.StandardService   : Starting service [Tomcat]
2025-02-20T21:21:54.522+09:00  INFO 37496 --- [item-service] [restartedMain] o.apache.catalina.core.StandardEngine    : Starting Servlet engine: [Apache Tomcat/10.1.34]
2025-02-20T21:21:54.593+09:00  INFO 37496 --- [item-service] [restartedMain] o.a.c.c.C.[Tomcat].[localhost].[/]       : Initializing Spring embedded WebApplicationContext
2025-02-20T21:21:54.594+09:00  INFO 37496 --- [item-service] [restartedMain] w.s.c.ServletWebServerApplicationContext : Root WebApplicationContext: initialization completed in 2003 ms
2025-02-20T21:21:54.942+09:00  INFO 37496 --- [item-service] [restartedMain] o.hibernate.jpa.internal.util.LogHelper  : HHH000204: Processing PersistenceUnitInfo [name: default]
2025-02-20T21:21:54.997+09:00  INFO 37496 --- [item-service] [restartedMain] org.hibernate.Version                    : HHH000412: Hibernate ORM core version 6.6.5.Final
2025-02-20T21:21:55.036+09:00  INFO 37496 --- [item-service] [restartedMain] o.h.c.internal.RegionFactoryInitiator    : HHH000026: Second-level cache disabled
2025-02-20T21:21:55.295+09:00  INFO 37496 --- [item-service] [restartedMain] o.s.o.j.p.SpringPersistenceUnitInfo      : No LoadTimeWeaver setup: ignoring JPA class transformer
2025-02-20T21:21:55.337+09:00  INFO 37496 --- [item-service] [restartedMain] com.zaxxer.hikari.HikariDataSource       : HikariPool-1 - Starting...
2025-02-20T21:21:55.518+09:00  INFO 37496 --- [item-service] [restartedMain] com.zaxxer.hikari.pool.HikariPool        : HikariPool-1 - Added connection org.postgresql.jdbc.PgConnection@7593e227
2025-02-20T21:21:55.520+09:00  INFO 37496 --- [item-service] [restartedMain] com.zaxxer.hikari.HikariDataSource       : HikariPool-1 - Start completed.
2025-02-20T21:21:55.554+09:00  WARN 37496 --- [item-service] [restartedMain] org.hibernate.orm.deprecation            : HHH90000025: PostgreSQLDialect does not need to be specified explicitly using 'hibernate.dialect' (remove the property setting and it will be selected by default)
2025-02-20T21:21:55.574+09:00  INFO 37496 --- [item-service] [restartedMain] org.hibernate.orm.connections.pooling    : HHH10001005: Database info:
	Database JDBC URL [Connecting through datasource 'HikariDataSource (HikariPool-1)']
	Database driver: undefined/unknown
	Database version: 17.2
	Autocommit mode: undefined/unknown
	Isolation level: undefined/unknown
	Minimum pool size: undefined/unknown
	Maximum pool size: undefined/unknown
2025-02-20T21:21:56.346+09:00  INFO 37496 --- [item-service] [restartedMain] o.h.e.t.j.p.i.JtaPlatformInitiator       : HHH000489: No JTA platform available (set 'hibernate.transaction.jta.platform' to enable JTA platform integration)
2025-02-20T21:21:56.387+09:00  INFO 37496 --- [item-service] [restartedMain] j.LocalContainerEntityManagerFactoryBean : Initialized JPA EntityManagerFactory for persistence unit 'default'
2025-02-20T21:21:56.779+09:00  WARN 37496 --- [item-service] [restartedMain] JpaBaseConfiguration$JpaWebConfiguration : spring.jpa.open-in-view is enabled by default. Therefore, database queries may be performed during view rendering. Explicitly configure spring.jpa.open-in-view to disable this warning
2025-02-20T21:21:57.875+09:00  INFO 37496 --- [item-service] [restartedMain] o.s.b.d.a.OptionalLiveReloadServer       : LiveReload server is running on port 35729
2025-02-20T21:21:57.984+09:00  INFO 37496 --- [item-service] [restartedMain] DiscoveryClientOptionalArgsConfiguration : Eureka HTTP Client uses RestTemplate.
2025-02-20T21:21:58.044+09:00  WARN 37496 --- [item-service] [restartedMain] iguration$LoadBalancerCaffeineWarnLogger : Spring Cloud LoadBalancer is currently working with the default cache. While this cache implementation is useful for development and tests, it's recommended to use Caffeine cache in production.You can switch to using Caffeine cache, by adding it and org.springframework.cache.caffeine.CaffeineCacheManager to the classpath.
2025-02-20T21:21:58.054+09:00  INFO 37496 --- [item-service] [restartedMain] o.s.b.a.e.web.EndpointLinksResolver      : Exposing 3 endpoints beneath base path '/actuator'
2025-02-20T21:21:58.174+09:00  INFO 37496 --- [item-service] [restartedMain] o.s.b.w.embedded.tomcat.TomcatWebServer  : Tomcat started on port 56615 (http) with context path '/'
2025-02-20T21:21:58.175+09:00  INFO 37496 --- [item-service] [restartedMain] .s.c.n.e.s.EurekaAutoServiceRegistration : Updating port to 56615
2025-02-20T21:21:58.181+09:00  INFO 37496 --- [item-service] [restartedMain] o.s.c.n.eureka.InstanceInfoFactory       : Setting initial instance status as: STARTING
2025-02-20T21:21:58.208+09:00  INFO 37496 --- [item-service] [restartedMain] com.netflix.discovery.DiscoveryClient    : Initializing Eureka in region us-east-1
2025-02-20T21:21:58.211+09:00  INFO 37496 --- [item-service] [restartedMain] c.n.d.s.r.aws.ConfigClusterResolver      : Resolving eureka endpoints via configuration
2025-02-20T21:21:58.220+09:00  INFO 37496 --- [item-service] [restartedMain] com.netflix.discovery.DiscoveryClient    : Disable delta property : false
2025-02-20T21:21:58.221+09:00  INFO 37496 --- [item-service] [restartedMain] com.netflix.discovery.DiscoveryClient    : Single vip registry refresh property : null
2025-02-20T21:21:58.221+09:00  INFO 37496 --- [item-service] [restartedMain] com.netflix.discovery.DiscoveryClient    : Force full registry fetch : false
2025-02-20T21:21:58.221+09:00  INFO 37496 --- [item-service] [restartedMain] com.netflix.discovery.DiscoveryClient    : Application is null : false
2025-02-20T21:21:58.221+09:00  INFO 37496 --- [item-service] [restartedMain] com.netflix.discovery.DiscoveryClient    : Registered Applications size is zero : true
2025-02-20T21:21:58.221+09:00  INFO 37496 --- [item-service] [restartedMain] com.netflix.discovery.DiscoveryClient    : Application version is -1: true
2025-02-20T21:21:58.221+09:00  INFO 37496 --- [item-service] [restartedMain] com.netflix.discovery.DiscoveryClient    : Getting all instance registry info from the eureka server
2025-02-20T21:21:58.597+09:00  INFO 37496 --- [item-service] [restartedMain] com.netflix.discovery.DiscoveryClient    : The response status is 200
2025-02-20T21:21:58.599+09:00  INFO 37496 --- [item-service] [restartedMain] com.netflix.discovery.DiscoveryClient    : Starting heartbeat executor: renew interval is: 30
2025-02-20T21:21:58.601+09:00  INFO 37496 --- [item-service] [restartedMain] c.n.discovery.InstanceInfoReplicator     : InstanceInfoReplicator onDemand update allowed rate per min is 4
2025-02-20T21:21:58.603+09:00  INFO 37496 --- [item-service] [restartedMain] com.netflix.discovery.DiscoveryClient    : Discovery Client initialized at timestamp 1740054118602 with initial instances count: 0
2025-02-20T21:21:58.611+09:00  INFO 37496 --- [item-service] [restartedMain] o.s.c.n.e.s.EurekaServiceRegistry        : Registering application ITEM-SERVICE with eureka with status UP
2025-02-20T21:21:58.612+09:00  INFO 37496 --- [item-service] [restartedMain] com.netflix.discovery.DiscoveryClient    : Saw local status change event StatusChangeEvent [timestamp=1740054118612, current=UP, previous=STARTING]
2025-02-20T21:21:58.614+09:00  INFO 37496 --- [item-service] [DiscoveryClient-InstanceInfoReplicator-%d] com.netflix.discovery.DiscoveryClient    : DiscoveryClient_ITEM-SERVICE/DESKTOP-NQP2DLJ:9cb789a7ea1eb3b76621a213c7de2746: registering service...
2025-02-20T21:21:58.693+09:00  INFO 37496 --- [item-service] [DiscoveryClient-InstanceInfoReplicator-%d] com.netflix.discovery.DiscoveryClient    : DiscoveryClient_ITEM-SERVICE/DESKTOP-NQP2DLJ:9cb789a7ea1eb3b76621a213c7de2746 - registration status: 204
2025-02-20T21:21:58.716+09:00  INFO 37496 --- [item-service] [restartedMain] org.msa.item.ItemServiceApplication      : Started ItemServiceApplication in 7.311 seconds (process running for 8.245)
2025-02-20T21:22:13.483+09:00  INFO 37496 --- [item-service] [RMI TCP Connection(2)-127.0.0.1] inMXBeanRegistrar$SpringApplicationAdmin : Application shutdown requested.
2025-02-20T21:22:13.484+09:00  INFO 37496 --- [item-service] [RMI TCP Connection(2)-127.0.0.1] o.s.c.n.e.s.EurekaServiceRegistry        : Unregistering application ITEM-SERVICE with eureka with status DOWN
2025-02-20T21:22:13.484+09:00  INFO 37496 --- [item-service] [RMI TCP Connection(2)-127.0.0.1] com.netflix.discovery.DiscoveryClient    : Saw local status change event StatusChangeEvent [timestamp=1740054133484, current=DOWN, previous=UP]
2025-02-20T21:22:13.485+09:00  INFO 37496 --- [item-service] [DiscoveryClient-InstanceInfoReplicator-%d] com.netflix.discovery.DiscoveryClient    : DiscoveryClient_ITEM-SERVICE/DESKTOP-NQP2DLJ:9cb789a7ea1eb3b76621a213c7de2746: registering service...
2025-02-20T21:22:13.486+09:00  INFO 37496 --- [item-service] [RMI TCP Connection(2)-127.0.0.1] o.s.b.w.e.tomcat.GracefulShutdown        : Commencing graceful shutdown. Waiting for active requests to complete
2025-02-20T21:22:13.493+09:00  INFO 37496 --- [item-service] [DiscoveryClient-InstanceInfoReplicator-%d] com.netflix.discovery.DiscoveryClient    : DiscoveryClient_ITEM-SERVICE/DESKTOP-NQP2DLJ:9cb789a7ea1eb3b76621a213c7de2746 - registration status: 204
2025-02-20T21:22:13.560+09:00  INFO 37496 --- [item-service] [tomcat-shutdown] o.s.b.w.e.tomcat.GracefulShutdown        : Graceful shutdown complete
2025-02-20T21:22:13.569+09:00  INFO 37496 --- [item-service] [RMI TCP Connection(2)-127.0.0.1] j.LocalContainerEntityManagerFactoryBean : Closing JPA EntityManagerFactory for persistence unit 'default'
2025-02-20T21:22:13.573+09:00  INFO 37496 --- [item-service] [RMI TCP Connection(2)-127.0.0.1] com.zaxxer.hikari.HikariDataSource       : HikariPool-1 - Shutdown initiated...
2025-02-20T21:22:13.577+09:00  INFO 37496 --- [item-service] [RMI TCP Connection(2)-127.0.0.1] com.zaxxer.hikari.HikariDataSource       : HikariPool-1 - Shutdown completed.
2025-02-20T21:22:13.579+09:00  INFO 37496 --- [item-service] [RMI TCP Connection(2)-127.0.0.1] com.netflix.discovery.DiscoveryClient    : Shutting down DiscoveryClient ...
