2025-02-13T22:18:52.434+09:00  INFO 2972 --- [item-service] [restartedMain] org.msa.item.ItemServiceApplication      : The following 1 profile is active: "local"
2025-02-13T22:18:53.413+09:00  INFO 2972 --- [item-service] [restartedMain] .s.d.r.c.RepositoryConfigurationDelegate : Bootstrapping Spring Data JPA repositories in DEFAULT mode.
2025-02-13T22:18:53.459+09:00  INFO 2972 --- [item-service] [restartedMain] .s.d.r.c.RepositoryConfigurationDelegate : Finished Spring Data repository scanning in 37 ms. Found 1 JPA repository interface.
2025-02-13T22:18:53.710+09:00  INFO 2972 --- [item-service] [restartedMain] o.s.cloud.context.scope.GenericScope     : BeanFactory id=b58e247e-f9f7-3c00-bf41-804c29a58bb4
2025-02-13T22:18:54.338+09:00  INFO 2972 --- [item-service] [restartedMain] o.s.b.w.embedded.tomcat.TomcatWebServer  : Tomcat initialized with port 5000 (http)
2025-02-13T22:18:54.357+09:00  INFO 2972 --- [item-service] [restartedMain] o.apache.catalina.core.StandardService   : Starting service [Tomcat]
2025-02-13T22:18:54.365+09:00  INFO 2972 --- [item-service] [restartedMain] o.apache.catalina.core.StandardEngine    : Starting Servlet engine: [Apache Tomcat/10.1.34]
2025-02-13T22:18:54.451+09:00  INFO 2972 --- [item-service] [restartedMain] o.a.c.c.C.[Tomcat].[localhost].[/]       : Initializing Spring embedded WebApplicationContext
2025-02-13T22:18:54.453+09:00  INFO 2972 --- [item-service] [restartedMain] w.s.c.ServletWebServerApplicationContext : Root WebApplicationContext: initialization completed in 2005 ms
2025-02-13T22:18:54.633+09:00  INFO 2972 --- [item-service] [restartedMain] o.hibernate.jpa.internal.util.LogHelper  : HHH000204: Processing PersistenceUnitInfo [name: default]
2025-02-13T22:18:54.731+09:00  INFO 2972 --- [item-service] [restartedMain] org.hibernate.Version                    : HHH000412: Hibernate ORM core version 6.6.5.Final
2025-02-13T22:18:54.913+09:00  INFO 2972 --- [item-service] [restartedMain] o.h.c.internal.RegionFactoryInitiator    : HHH000026: Second-level cache disabled
2025-02-13T22:18:55.621+09:00  INFO 2972 --- [item-service] [restartedMain] o.s.o.j.p.SpringPersistenceUnitInfo      : No LoadTimeWeaver setup: ignoring JPA class transformer
2025-02-13T22:18:55.740+09:00  INFO 2972 --- [item-service] [restartedMain] com.zaxxer.hikari.HikariDataSource       : HikariPool-1 - Starting...
2025-02-13T22:18:55.980+09:00  INFO 2972 --- [item-service] [restartedMain] com.zaxxer.hikari.pool.HikariPool        : HikariPool-1 - Added connection org.postgresql.jdbc.PgConnection@611c347
2025-02-13T22:18:55.981+09:00  INFO 2972 --- [item-service] [restartedMain] com.zaxxer.hikari.HikariDataSource       : HikariPool-1 - Start completed.
2025-02-13T22:18:56.041+09:00  WARN 2972 --- [item-service] [restartedMain] org.hibernate.orm.deprecation            : HHH90000025: PostgreSQLDialect does not need to be specified explicitly using 'hibernate.dialect' (remove the property setting and it will be selected by default)
2025-02-13T22:18:56.082+09:00  INFO 2972 --- [item-service] [restartedMain] org.hibernate.orm.connections.pooling    : HHH10001005: Database info:
	Database JDBC URL [Connecting through datasource 'HikariDataSource (HikariPool-1)']
	Database driver: undefined/unknown
	Database version: 17.2
	Autocommit mode: undefined/unknown
	Isolation level: undefined/unknown
	Minimum pool size: undefined/unknown
	Maximum pool size: undefined/unknown
2025-02-13T22:18:57.439+09:00  INFO 2972 --- [item-service] [restartedMain] o.h.e.t.j.p.i.JtaPlatformInitiator       : HHH000489: No JTA platform available (set 'hibernate.transaction.jta.platform' to enable JTA platform integration)
2025-02-13T22:18:57.489+09:00  INFO 2972 --- [item-service] [restartedMain] j.LocalContainerEntityManagerFactoryBean : Initialized JPA EntityManagerFactory for persistence unit 'default'
2025-02-13T22:18:57.839+09:00  WARN 2972 --- [item-service] [restartedMain] JpaBaseConfiguration$JpaWebConfiguration : spring.jpa.open-in-view is enabled by default. Therefore, database queries may be performed during view rendering. Explicitly configure spring.jpa.open-in-view to disable this warning
2025-02-13T22:18:58.263+09:00  INFO 2972 --- [item-service] [restartedMain] o.s.b.d.a.OptionalLiveReloadServer       : LiveReload server is running on port 35729
2025-02-13T22:18:58.429+09:00  INFO 2972 --- [item-service] [restartedMain] o.s.b.w.embedded.tomcat.TomcatWebServer  : Tomcat started on port 5000 (http) with context path '/'
2025-02-13T22:18:58.533+09:00  INFO 2972 --- [item-service] [restartedMain] org.msa.item.ItemServiceApplication      : Started ItemServiceApplication in 7.295 seconds (process running for 8.072)
2025-02-13T22:19:02.307+09:00  INFO 2972 --- [item-service] [http-nio-5000-exec-1] o.a.c.c.C.[Tomcat].[localhost].[/]       : Initializing Spring DispatcherServlet 'dispatcherServlet'
2025-02-13T22:19:02.307+09:00  INFO 2972 --- [item-service] [http-nio-5000-exec-1] o.s.web.servlet.DispatcherServlet        : Initializing Servlet 'dispatcherServlet'
2025-02-13T22:19:02.311+09:00  INFO 2972 --- [item-service] [http-nio-5000-exec-1] o.s.web.servlet.DispatcherServlet        : Completed initialization in 4 ms
2025-02-13T22:19:02.603+09:00 DEBUG 2972 --- [item-service] [http-nio-5000-exec-1] org.msa.item.controller.ItemController   : request add item id = 1
