2025-02-17T21:12:47.364+09:00  INFO 23876 --- [item-service] [restartedMain] org.msa.item.ItemServiceApplication      : The following 1 profile is active: "local"
2025-02-17T21:12:48.169+09:00  INFO 23876 --- [item-service] [restartedMain] .s.d.r.c.RepositoryConfigurationDelegate : Bootstrapping Spring Data JPA repositories in DEFAULT mode.
2025-02-17T21:12:48.209+09:00  INFO 23876 --- [item-service] [restartedMain] .s.d.r.c.RepositoryConfigurationDelegate : Finished Spring Data repository scanning in 31 ms. Found 1 JPA repository interface.
2025-02-17T21:12:48.363+09:00  INFO 23876 --- [item-service] [restartedMain] o.s.cloud.context.scope.GenericScope     : BeanFactory id=32e04183-60fb-35d4-923f-36421c220e77
2025-02-17T21:12:48.941+09:00  INFO 23876 --- [item-service] [restartedMain] o.s.b.w.embedded.tomcat.TomcatWebServer  : Tomcat initialized with port 5000 (http)
2025-02-17T21:12:48.956+09:00  INFO 23876 --- [item-service] [restartedMain] o.apache.catalina.core.StandardService   : Starting service [Tomcat]
2025-02-17T21:12:48.957+09:00  INFO 23876 --- [item-service] [restartedMain] o.apache.catalina.core.StandardEngine    : Starting Servlet engine: [Apache Tomcat/10.1.34]
2025-02-17T21:12:49.017+09:00  INFO 23876 --- [item-service] [restartedMain] o.a.c.c.C.[Tomcat].[localhost].[/]       : Initializing Spring embedded WebApplicationContext
2025-02-17T21:12:49.017+09:00  INFO 23876 --- [item-service] [restartedMain] w.s.c.ServletWebServerApplicationContext : Root WebApplicationContext: initialization completed in 1643 ms
2025-02-17T21:12:49.281+09:00  INFO 23876 --- [item-service] [restartedMain] o.hibernate.jpa.internal.util.LogHelper  : HHH000204: Processing PersistenceUnitInfo [name: default]
2025-02-17T21:12:49.336+09:00  INFO 23876 --- [item-service] [restartedMain] org.hibernate.Version                    : HHH000412: Hibernate ORM core version 6.6.5.Final
2025-02-17T21:12:49.366+09:00  INFO 23876 --- [item-service] [restartedMain] o.h.c.internal.RegionFactoryInitiator    : HHH000026: Second-level cache disabled
2025-02-17T21:12:49.598+09:00  INFO 23876 --- [item-service] [restartedMain] o.s.o.j.p.SpringPersistenceUnitInfo      : No LoadTimeWeaver setup: ignoring JPA class transformer
2025-02-17T21:12:49.626+09:00  INFO 23876 --- [item-service] [restartedMain] com.zaxxer.hikari.HikariDataSource       : HikariPool-1 - Starting...
2025-02-17T21:12:49.806+09:00  INFO 23876 --- [item-service] [restartedMain] com.zaxxer.hikari.pool.HikariPool        : HikariPool-1 - Added connection org.postgresql.jdbc.PgConnection@2e225870
2025-02-17T21:12:49.809+09:00  INFO 23876 --- [item-service] [restartedMain] com.zaxxer.hikari.HikariDataSource       : HikariPool-1 - Start completed.
2025-02-17T21:12:49.848+09:00  WARN 23876 --- [item-service] [restartedMain] org.hibernate.orm.deprecation            : HHH90000025: PostgreSQLDialect does not need to be specified explicitly using 'hibernate.dialect' (remove the property setting and it will be selected by default)
2025-02-17T21:12:49.867+09:00  INFO 23876 --- [item-service] [restartedMain] org.hibernate.orm.connections.pooling    : HHH10001005: Database info:
	Database JDBC URL [Connecting through datasource 'HikariDataSource (HikariPool-1)']
	Database driver: undefined/unknown
	Database version: 17.2
	Autocommit mode: undefined/unknown
	Isolation level: undefined/unknown
	Minimum pool size: undefined/unknown
	Maximum pool size: undefined/unknown
2025-02-17T21:12:50.598+09:00  INFO 23876 --- [item-service] [restartedMain] o.h.e.t.j.p.i.JtaPlatformInitiator       : HHH000489: No JTA platform available (set 'hibernate.transaction.jta.platform' to enable JTA platform integration)
2025-02-17T21:12:50.636+09:00  INFO 23876 --- [item-service] [restartedMain] j.LocalContainerEntityManagerFactoryBean : Initialized JPA EntityManagerFactory for persistence unit 'default'
2025-02-17T21:12:51.023+09:00  WARN 23876 --- [item-service] [restartedMain] JpaBaseConfiguration$JpaWebConfiguration : spring.jpa.open-in-view is enabled by default. Therefore, database queries may be performed during view rendering. Explicitly configure spring.jpa.open-in-view to disable this warning
2025-02-17T21:12:52.017+09:00  INFO 23876 --- [item-service] [restartedMain] o.s.b.d.a.OptionalLiveReloadServer       : LiveReload server is running on port 35729
2025-02-17T21:12:52.145+09:00  INFO 23876 --- [item-service] [restartedMain] o.s.b.a.e.web.EndpointLinksResolver      : Exposing 3 endpoints beneath base path '/actuator'
2025-02-17T21:12:52.266+09:00  INFO 23876 --- [item-service] [restartedMain] o.s.b.w.embedded.tomcat.TomcatWebServer  : Tomcat started on port 5000 (http) with context path '/'
2025-02-17T21:12:52.355+09:00  INFO 23876 --- [item-service] [restartedMain] org.msa.item.ItemServiceApplication      : Started ItemServiceApplication in 6.089 seconds (process running for 6.919)
2025-02-17T21:13:59.022+09:00  INFO 23876 --- [item-service] [http-nio-5000-exec-2] o.a.c.c.C.[Tomcat].[localhost].[/]       : Initializing Spring DispatcherServlet 'dispatcherServlet'
2025-02-17T21:13:59.023+09:00  INFO 23876 --- [item-service] [http-nio-5000-exec-2] o.s.web.servlet.DispatcherServlet        : Initializing Servlet 'dispatcherServlet'
2025-02-17T21:13:59.024+09:00  INFO 23876 --- [item-service] [http-nio-5000-exec-2] o.s.web.servlet.DispatcherServlet        : Completed initialization in 1 ms
2025-02-17T21:13:59.197+09:00  INFO 23876 --- [item-service] [http-nio-5000-exec-2] .e.DevToolsPropertyDefaultsPostProcessor : Devtools property defaults active! Set 'spring.devtools.add-properties' to 'false' to disable
2025-02-17T21:13:59.242+09:00  INFO 23876 --- [item-service] [http-nio-5000-exec-2] c.c.c.ConfigServicePropertySourceLocator : Fetching config from server at : http://localhost:8080
2025-02-17T21:13:59.280+09:00  INFO 23876 --- [item-service] [http-nio-5000-exec-2] c.c.c.ConfigServicePropertySourceLocator : Located environment: name=item-service, profiles=[local], label=null, version=null, state=null
2025-02-17T21:13:59.280+09:00  INFO 23876 --- [item-service] [http-nio-5000-exec-2] b.c.PropertySourceBootstrapConfiguration : Located property source: [BootstrapPropertySource {name='bootstrapProperties-configClient'}, BootstrapPropertySource {name='bootstrapProperties-classpath:/config/item-service-local.yaml'}, BootstrapPropertySource {name='bootstrapProperties-classpath:/config/item-service.yaml'}]
