2025-02-10T21:38:48.118+09:00  INFO 3568 --- [restartedMain] org.msa.item.ItemServiceApplication      : Starting ItemServiceApplication using Java 17.0.5 with PID 3568 (C:\Users\HOME\eclipse-workspace\2-1.Microservice\item-service\bin\main started by HOME in C:\Users\HOME\eclipse-workspace\2-1.Microservice\item-service)
2025-02-10T21:38:48.132+09:00 DEBUG 3568 --- [restartedMain] org.msa.item.ItemServiceApplication      : Running with Spring Boot v3.4.2, Spring v6.2.2
2025-02-10T21:38:48.133+09:00  INFO 3568 --- [restartedMain] org.msa.item.ItemServiceApplication      : No active profile set, falling back to 1 default profile: "default"
2025-02-10T21:38:48.240+09:00  INFO 3568 --- [restartedMain] .e.DevToolsPropertyDefaultsPostProcessor : Devtools property defaults active! Set 'spring.devtools.add-properties' to 'false' to disable
2025-02-10T21:38:48.241+09:00  INFO 3568 --- [restartedMain] .e.DevToolsPropertyDefaultsPostProcessor : For additional web related logging consider setting the 'logging.level.web' property to 'DEBUG'
2025-02-10T21:38:49.173+09:00  INFO 3568 --- [restartedMain] .s.d.r.c.RepositoryConfigurationDelegate : Bootstrapping Spring Data JPA repositories in DEFAULT mode.
2025-02-10T21:38:49.229+09:00  INFO 3568 --- [restartedMain] .s.d.r.c.RepositoryConfigurationDelegate : Finished Spring Data repository scanning in 41 ms. Found 1 JPA repository interface.
2025-02-10T21:38:49.886+09:00  INFO 3568 --- [restartedMain] o.s.b.w.embedded.tomcat.TomcatWebServer  : Tomcat initialized with port 8080 (http)
2025-02-10T21:38:49.899+09:00  INFO 3568 --- [restartedMain] o.apache.catalina.core.StandardService   : Starting service [Tomcat]
2025-02-10T21:38:49.900+09:00  INFO 3568 --- [restartedMain] o.apache.catalina.core.StandardEngine    : Starting Servlet engine: [Apache Tomcat/10.1.34]
2025-02-10T21:38:49.957+09:00  INFO 3568 --- [restartedMain] o.a.c.c.C.[Tomcat].[localhost].[/]       : Initializing Spring embedded WebApplicationContext
2025-02-10T21:38:49.958+09:00  INFO 3568 --- [restartedMain] w.s.c.ServletWebServerApplicationContext : Root WebApplicationContext: initialization completed in 1714 ms
2025-02-10T21:38:50.126+09:00  INFO 3568 --- [restartedMain] o.hibernate.jpa.internal.util.LogHelper  : HHH000204: Processing PersistenceUnitInfo [name: default]
2025-02-10T21:38:50.216+09:00  INFO 3568 --- [restartedMain] org.hibernate.Version                    : HHH000412: Hibernate ORM core version 6.6.5.Final
2025-02-10T21:38:50.256+09:00  INFO 3568 --- [restartedMain] o.h.c.internal.RegionFactoryInitiator    : HHH000026: Second-level cache disabled
2025-02-10T21:38:50.652+09:00  INFO 3568 --- [restartedMain] o.s.o.j.p.SpringPersistenceUnitInfo      : No LoadTimeWeaver setup: ignoring JPA class transformer
2025-02-10T21:38:50.690+09:00  INFO 3568 --- [restartedMain] com.zaxxer.hikari.HikariDataSource       : HikariPool-1 - Starting...
2025-02-10T21:38:51.033+09:00  INFO 3568 --- [restartedMain] com.zaxxer.hikari.pool.HikariPool        : HikariPool-1 - Added connection org.postgresql.jdbc.PgConnection@6a36bd01
2025-02-10T21:38:51.035+09:00  INFO 3568 --- [restartedMain] com.zaxxer.hikari.HikariDataSource       : HikariPool-1 - Start completed.
2025-02-10T21:38:51.091+09:00  WARN 3568 --- [restartedMain] org.hibernate.orm.deprecation            : HHH90000025: PostgreSQLDialect does not need to be specified explicitly using 'hibernate.dialect' (remove the property setting and it will be selected by default)
2025-02-10T21:38:51.111+09:00  INFO 3568 --- [restartedMain] org.hibernate.orm.connections.pooling    : HHH10001005: Database info:
	Database JDBC URL [Connecting through datasource 'HikariDataSource (HikariPool-1)']
	Database driver: undefined/unknown
	Database version: 17.2
	Autocommit mode: undefined/unknown
	Isolation level: undefined/unknown
	Minimum pool size: undefined/unknown
	Maximum pool size: undefined/unknown
2025-02-10T21:38:52.131+09:00  INFO 3568 --- [restartedMain] o.h.e.t.j.p.i.JtaPlatformInitiator       : HHH000489: No JTA platform available (set 'hibernate.transaction.jta.platform' to enable JTA platform integration)
2025-02-10T21:38:52.189+09:00  INFO 3568 --- [restartedMain] j.LocalContainerEntityManagerFactoryBean : Initialized JPA EntityManagerFactory for persistence unit 'default'
2025-02-10T21:38:52.468+09:00  WARN 3568 --- [restartedMain] JpaBaseConfiguration$JpaWebConfiguration : spring.jpa.open-in-view is enabled by default. Therefore, database queries may be performed during view rendering. Explicitly configure spring.jpa.open-in-view to disable this warning
2025-02-10T21:38:52.850+09:00  INFO 3568 --- [restartedMain] o.s.b.d.a.OptionalLiveReloadServer       : LiveReload server is running on port 35729
2025-02-10T21:38:52.892+09:00  INFO 3568 --- [restartedMain] o.s.b.w.embedded.tomcat.TomcatWebServer  : Tomcat started on port 8080 (http) with context path '/'
2025-02-10T21:38:52.901+09:00  INFO 3568 --- [restartedMain] org.msa.item.ItemServiceApplication      : Started ItemServiceApplication in 5.341 seconds (process running for 6.424)
2025-02-10T21:39:14.759+09:00  INFO 3568 --- [http-nio-8080-exec-2] o.a.c.c.C.[Tomcat].[localhost].[/]       : Initializing Spring DispatcherServlet 'dispatcherServlet'
2025-02-10T21:39:14.759+09:00  INFO 3568 --- [http-nio-8080-exec-2] o.s.web.servlet.DispatcherServlet        : Initializing Servlet 'dispatcherServlet'
2025-02-10T21:39:14.760+09:00  INFO 3568 --- [http-nio-8080-exec-2] o.s.web.servlet.DispatcherServlet        : Completed initialization in 1 ms
2025-02-10T21:39:14.967+09:00  WARN 3568 --- [http-nio-8080-exec-2] .w.s.m.s.DefaultHandlerExceptionResolver : Resolved [org.springframework.web.bind.MethodArgumentNotValidException: Validation failed for argument [0] in public org.springframework.http.ResponseEntity<org.msa.item.dto.ResponseDTO> org.msa.item.controller.ItemController.add(org.msa.item.dto.ItemDTO): [Field error in object 'itemDTO' on field 'id': rejected value []; codes [NotBlank.itemDTO.id,NotBlank.id,NotBlank.java.lang.String,NotBlank]; arguments [org.springframework.context.support.DefaultMessageSourceResolvable: codes [itemDTO.id,id]; arguments []; default message [id]]; default message [ID는 필수 입력 값 입니다.]] ]
2025-02-10T21:39:53.139+09:00  INFO 3568 --- [File Watcher] rtingClassPathChangeChangedEventListener : Restarting due to 1 class path change (0 additions, 0 deletions, 1 modification)
2025-02-10T21:39:53.142+09:00  INFO 3568 --- [Thread-5] o.s.b.w.e.tomcat.GracefulShutdown        : Commencing graceful shutdown. Waiting for active requests to complete
2025-02-10T21:39:53.202+09:00  INFO 3568 --- [tomcat-shutdown] o.s.b.w.e.tomcat.GracefulShutdown        : Graceful shutdown complete
2025-02-10T21:39:53.207+09:00  INFO 3568 --- [Thread-5] j.LocalContainerEntityManagerFactoryBean : Closing JPA EntityManagerFactory for persistence unit 'default'
2025-02-10T21:39:53.210+09:00  INFO 3568 --- [Thread-5] com.zaxxer.hikari.HikariDataSource       : HikariPool-1 - Shutdown initiated...
2025-02-10T21:39:53.216+09:00  INFO 3568 --- [Thread-5] com.zaxxer.hikari.HikariDataSource       : HikariPool-1 - Shutdown completed.
2025-02-10T21:39:53.306+09:00  INFO 3568 --- [restartedMain] org.msa.item.ItemServiceApplication      : Starting ItemServiceApplication using Java 17.0.5 with PID 3568 (C:\Users\HOME\eclipse-workspace\2-1.Microservice\item-service\bin\main started by HOME in C:\Users\HOME\eclipse-workspace\2-1.Microservice\item-service)
2025-02-10T21:39:53.306+09:00 DEBUG 3568 --- [restartedMain] org.msa.item.ItemServiceApplication      : Running with Spring Boot v3.4.2, Spring v6.2.2
2025-02-10T21:39:53.306+09:00  INFO 3568 --- [restartedMain] org.msa.item.ItemServiceApplication      : No active profile set, falling back to 1 default profile: "default"
2025-02-10T21:39:53.459+09:00  INFO 3568 --- [restartedMain] .s.d.r.c.RepositoryConfigurationDelegate : Bootstrapping Spring Data JPA repositories in DEFAULT mode.
2025-02-10T21:39:53.469+09:00  INFO 3568 --- [restartedMain] .s.d.r.c.RepositoryConfigurationDelegate : Finished Spring Data repository scanning in 8 ms. Found 1 JPA repository interface.
2025-02-10T21:39:53.543+09:00  INFO 3568 --- [restartedMain] o.s.b.w.embedded.tomcat.TomcatWebServer  : Tomcat initialized with port 8080 (http)
2025-02-10T21:39:53.544+09:00  INFO 3568 --- [restartedMain] o.apache.catalina.core.StandardService   : Starting service [Tomcat]
2025-02-10T21:39:53.544+09:00  INFO 3568 --- [restartedMain] o.apache.catalina.core.StandardEngine    : Starting Servlet engine: [Apache Tomcat/10.1.34]
2025-02-10T21:39:53.566+09:00  INFO 3568 --- [restartedMain] o.a.c.c.C.[Tomcat].[localhost].[/]       : Initializing Spring embedded WebApplicationContext
2025-02-10T21:39:53.567+09:00  INFO 3568 --- [restartedMain] w.s.c.ServletWebServerApplicationContext : Root WebApplicationContext: initialization completed in 259 ms
2025-02-10T21:39:53.592+09:00  INFO 3568 --- [restartedMain] o.hibernate.jpa.internal.util.LogHelper  : HHH000204: Processing PersistenceUnitInfo [name: default]
2025-02-10T21:39:53.596+09:00  INFO 3568 --- [restartedMain] o.h.c.internal.RegionFactoryInitiator    : HHH000026: Second-level cache disabled
2025-02-10T21:39:53.608+09:00  INFO 3568 --- [restartedMain] o.s.o.j.p.SpringPersistenceUnitInfo      : No LoadTimeWeaver setup: ignoring JPA class transformer
2025-02-10T21:39:53.609+09:00  INFO 3568 --- [restartedMain] com.zaxxer.hikari.HikariDataSource       : HikariPool-2 - Starting...
2025-02-10T21:39:53.690+09:00  INFO 3568 --- [restartedMain] com.zaxxer.hikari.pool.HikariPool        : HikariPool-2 - Added connection org.postgresql.jdbc.PgConnection@7c8f7e09
2025-02-10T21:39:53.690+09:00  INFO 3568 --- [restartedMain] com.zaxxer.hikari.HikariDataSource       : HikariPool-2 - Start completed.
2025-02-10T21:39:53.699+09:00  WARN 3568 --- [restartedMain] org.hibernate.orm.deprecation            : HHH90000025: PostgreSQLDialect does not need to be specified explicitly using 'hibernate.dialect' (remove the property setting and it will be selected by default)
2025-02-10T21:39:53.702+09:00  INFO 3568 --- [restartedMain] org.hibernate.orm.connections.pooling    : HHH10001005: Database info:
	Database JDBC URL [Connecting through datasource 'HikariDataSource (HikariPool-2)']
	Database driver: undefined/unknown
	Database version: 17.2
	Autocommit mode: undefined/unknown
	Isolation level: undefined/unknown
	Minimum pool size: undefined/unknown
	Maximum pool size: undefined/unknown
2025-02-10T21:39:53.747+09:00  INFO 3568 --- [restartedMain] o.h.e.t.j.p.i.JtaPlatformInitiator       : HHH000489: No JTA platform available (set 'hibernate.transaction.jta.platform' to enable JTA platform integration)
2025-02-10T21:39:53.763+09:00  INFO 3568 --- [restartedMain] j.LocalContainerEntityManagerFactoryBean : Initialized JPA EntityManagerFactory for persistence unit 'default'
2025-02-10T21:39:53.855+09:00  WARN 3568 --- [restartedMain] JpaBaseConfiguration$JpaWebConfiguration : spring.jpa.open-in-view is enabled by default. Therefore, database queries may be performed during view rendering. Explicitly configure spring.jpa.open-in-view to disable this warning
2025-02-10T21:39:53.997+09:00  INFO 3568 --- [restartedMain] o.s.b.d.a.OptionalLiveReloadServer       : LiveReload server is running on port 35729
2025-02-10T21:39:54.010+09:00  INFO 3568 --- [restartedMain] o.s.b.w.embedded.tomcat.TomcatWebServer  : Tomcat started on port 8080 (http) with context path '/'
2025-02-10T21:39:54.015+09:00  INFO 3568 --- [restartedMain] org.msa.item.ItemServiceApplication      : Started ItemServiceApplication in 0.746 seconds (process running for 67.538)
2025-02-10T21:39:54.016+09:00  INFO 3568 --- [restartedMain] .ConditionEvaluationDeltaLoggingListener : Condition evaluation unchanged
2025-02-10T21:39:55.420+09:00  INFO 3568 --- [File Watcher] rtingClassPathChangeChangedEventListener : Restarting due to 1 class path change (0 additions, 0 deletions, 1 modification)
2025-02-10T21:39:55.422+09:00  INFO 3568 --- [Thread-7] o.s.b.w.e.tomcat.GracefulShutdown        : Commencing graceful shutdown. Waiting for active requests to complete
2025-02-10T21:39:55.483+09:00  INFO 3568 --- [tomcat-shutdown] o.s.b.w.e.tomcat.GracefulShutdown        : Graceful shutdown complete
2025-02-10T21:39:55.485+09:00  INFO 3568 --- [Thread-7] j.LocalContainerEntityManagerFactoryBean : Closing JPA EntityManagerFactory for persistence unit 'default'
2025-02-10T21:39:55.486+09:00  INFO 3568 --- [Thread-7] com.zaxxer.hikari.HikariDataSource       : HikariPool-2 - Shutdown initiated...
2025-02-10T21:39:55.487+09:00  INFO 3568 --- [Thread-7] com.zaxxer.hikari.HikariDataSource       : HikariPool-2 - Shutdown completed.
2025-02-10T21:39:55.573+09:00  INFO 3568 --- [restartedMain] org.msa.item.ItemServiceApplication      : Starting ItemServiceApplication using Java 17.0.5 with PID 3568 (C:\Users\HOME\eclipse-workspace\2-1.Microservice\item-service\bin\main started by HOME in C:\Users\HOME\eclipse-workspace\2-1.Microservice\item-service)
2025-02-10T21:39:55.573+09:00 DEBUG 3568 --- [restartedMain] org.msa.item.ItemServiceApplication      : Running with Spring Boot v3.4.2, Spring v6.2.2
2025-02-10T21:39:55.573+09:00  INFO 3568 --- [restartedMain] org.msa.item.ItemServiceApplication      : No active profile set, falling back to 1 default profile: "default"
2025-02-10T21:39:55.728+09:00  INFO 3568 --- [restartedMain] .s.d.r.c.RepositoryConfigurationDelegate : Bootstrapping Spring Data JPA repositories in DEFAULT mode.
2025-02-10T21:39:55.745+09:00  INFO 3568 --- [restartedMain] .s.d.r.c.RepositoryConfigurationDelegate : Finished Spring Data repository scanning in 14 ms. Found 1 JPA repository interface.
2025-02-10T21:39:55.844+09:00  INFO 3568 --- [restartedMain] o.s.b.w.embedded.tomcat.TomcatWebServer  : Tomcat initialized with port 8080 (http)
2025-02-10T21:39:55.845+09:00  INFO 3568 --- [restartedMain] o.apache.catalina.core.StandardService   : Starting service [Tomcat]
2025-02-10T21:39:55.845+09:00  INFO 3568 --- [restartedMain] o.apache.catalina.core.StandardEngine    : Starting Servlet engine: [Apache Tomcat/10.1.34]
2025-02-10T21:39:55.865+09:00  INFO 3568 --- [restartedMain] o.a.c.c.C.[Tomcat].[localhost].[/]       : Initializing Spring embedded WebApplicationContext
2025-02-10T21:39:55.865+09:00  INFO 3568 --- [restartedMain] w.s.c.ServletWebServerApplicationContext : Root WebApplicationContext: initialization completed in 289 ms
2025-02-10T21:39:55.894+09:00  INFO 3568 --- [restartedMain] o.hibernate.jpa.internal.util.LogHelper  : HHH000204: Processing PersistenceUnitInfo [name: default]
2025-02-10T21:39:55.898+09:00  INFO 3568 --- [restartedMain] o.h.c.internal.RegionFactoryInitiator    : HHH000026: Second-level cache disabled
2025-02-10T21:39:55.908+09:00  INFO 3568 --- [restartedMain] o.s.o.j.p.SpringPersistenceUnitInfo      : No LoadTimeWeaver setup: ignoring JPA class transformer
2025-02-10T21:39:55.909+09:00  INFO 3568 --- [restartedMain] com.zaxxer.hikari.HikariDataSource       : HikariPool-3 - Starting...
2025-02-10T21:39:55.985+09:00  INFO 3568 --- [restartedMain] com.zaxxer.hikari.pool.HikariPool        : HikariPool-3 - Added connection org.postgresql.jdbc.PgConnection@307f4177
2025-02-10T21:39:55.985+09:00  INFO 3568 --- [restartedMain] com.zaxxer.hikari.HikariDataSource       : HikariPool-3 - Start completed.
2025-02-10T21:39:55.994+09:00  WARN 3568 --- [restartedMain] org.hibernate.orm.deprecation            : HHH90000025: PostgreSQLDialect does not need to be specified explicitly using 'hibernate.dialect' (remove the property setting and it will be selected by default)
2025-02-10T21:39:55.995+09:00  INFO 3568 --- [restartedMain] org.hibernate.orm.connections.pooling    : HHH10001005: Database info:
	Database JDBC URL [Connecting through datasource 'HikariDataSource (HikariPool-3)']
	Database driver: undefined/unknown
	Database version: 17.2
	Autocommit mode: undefined/unknown
	Isolation level: undefined/unknown
	Minimum pool size: undefined/unknown
	Maximum pool size: undefined/unknown
2025-02-10T21:39:56.040+09:00  INFO 3568 --- [restartedMain] o.h.e.t.j.p.i.JtaPlatformInitiator       : HHH000489: No JTA platform available (set 'hibernate.transaction.jta.platform' to enable JTA platform integration)
2025-02-10T21:39:56.053+09:00  INFO 3568 --- [restartedMain] j.LocalContainerEntityManagerFactoryBean : Initialized JPA EntityManagerFactory for persistence unit 'default'
2025-02-10T21:39:56.107+09:00  WARN 3568 --- [restartedMain] JpaBaseConfiguration$JpaWebConfiguration : spring.jpa.open-in-view is enabled by default. Therefore, database queries may be performed during view rendering. Explicitly configure spring.jpa.open-in-view to disable this warning
2025-02-10T21:39:56.189+09:00  INFO 3568 --- [restartedMain] o.s.b.d.a.OptionalLiveReloadServer       : LiveReload server is running on port 35729
2025-02-10T21:39:56.200+09:00  INFO 3568 --- [restartedMain] o.s.b.w.embedded.tomcat.TomcatWebServer  : Tomcat started on port 8080 (http) with context path '/'
2025-02-10T21:39:56.205+09:00  INFO 3568 --- [restartedMain] org.msa.item.ItemServiceApplication      : Started ItemServiceApplication in 0.66 seconds (process running for 69.728)
2025-02-10T21:39:56.207+09:00  INFO 3568 --- [restartedMain] .ConditionEvaluationDeltaLoggingListener : Condition evaluation unchanged
2025-02-10T21:40:05.880+09:00  INFO 3568 --- [http-nio-8080-exec-2] o.a.c.c.C.[Tomcat].[localhost].[/]       : Initializing Spring DispatcherServlet 'dispatcherServlet'
2025-02-10T21:40:05.880+09:00  INFO 3568 --- [http-nio-8080-exec-2] o.s.web.servlet.DispatcherServlet        : Initializing Servlet 'dispatcherServlet'
2025-02-10T21:40:05.881+09:00  INFO 3568 --- [http-nio-8080-exec-2] o.s.web.servlet.DispatcherServlet        : Completed initialization in 1 ms
2025-02-10T21:40:05.897+09:00  WARN 3568 --- [http-nio-8080-exec-2] .w.s.m.s.DefaultHandlerExceptionResolver : Resolved [org.springframework.web.bind.MethodArgumentNotValidException: Validation failed for argument [0] in public org.springframework.http.ResponseEntity<org.msa.item.dto.ResponseDTO> org.msa.item.controller.ItemController.add(org.msa.item.dto.ItemDTO): [Field error in object 'itemDTO' on field 'id': rejected value [12345678910]; codes [Size.itemDTO.id,Size.id,Size.java.lang.String,Size]; arguments [org.springframework.context.support.DefaultMessageSourceResolvable: codes [itemDTO.id,id]; arguments []; default message [id],10,0]; default message [ID는 최대 10자리까지 가능합니다.]] ]
2025-02-10T21:40:09.592+09:00 DEBUG 3568 --- [http-nio-8080-exec-4] org.msa.item.controller.ItemController   : request add item id = 1234567890
2025-02-10T21:40:47.355+09:00  INFO 3568 --- [File Watcher] rtingClassPathChangeChangedEventListener : Restarting due to 1 class path change (0 additions, 0 deletions, 1 modification)
2025-02-10T21:40:47.356+09:00  INFO 3568 --- [Thread-11] o.s.b.w.e.tomcat.GracefulShutdown        : Commencing graceful shutdown. Waiting for active requests to complete
2025-02-10T21:40:47.417+09:00  INFO 3568 --- [tomcat-shutdown] o.s.b.w.e.tomcat.GracefulShutdown        : Graceful shutdown complete
2025-02-10T21:40:47.418+09:00  INFO 3568 --- [Thread-11] j.LocalContainerEntityManagerFactoryBean : Closing JPA EntityManagerFactory for persistence unit 'default'
2025-02-10T21:40:47.419+09:00  INFO 3568 --- [Thread-11] com.zaxxer.hikari.HikariDataSource       : HikariPool-3 - Shutdown initiated...
2025-02-10T21:40:47.434+09:00  INFO 3568 --- [Thread-11] com.zaxxer.hikari.HikariDataSource       : HikariPool-3 - Shutdown completed.
2025-02-10T21:40:47.509+09:00  INFO 3568 --- [restartedMain] org.msa.item.ItemServiceApplication      : Starting ItemServiceApplication using Java 17.0.5 with PID 3568 (C:\Users\HOME\eclipse-workspace\2-1.Microservice\item-service\bin\main started by HOME in C:\Users\HOME\eclipse-workspace\2-1.Microservice\item-service)
2025-02-10T21:40:47.509+09:00 DEBUG 3568 --- [restartedMain] org.msa.item.ItemServiceApplication      : Running with Spring Boot v3.4.2, Spring v6.2.2
2025-02-10T21:40:47.509+09:00  INFO 3568 --- [restartedMain] org.msa.item.ItemServiceApplication      : No active profile set, falling back to 1 default profile: "default"
2025-02-10T21:40:47.664+09:00  INFO 3568 --- [restartedMain] .s.d.r.c.RepositoryConfigurationDelegate : Bootstrapping Spring Data JPA repositories in DEFAULT mode.
2025-02-10T21:40:47.678+09:00  INFO 3568 --- [restartedMain] .s.d.r.c.RepositoryConfigurationDelegate : Finished Spring Data repository scanning in 11 ms. Found 1 JPA repository interface.
2025-02-10T21:40:47.776+09:00  INFO 3568 --- [restartedMain] o.s.b.w.embedded.tomcat.TomcatWebServer  : Tomcat initialized with port 8080 (http)
2025-02-10T21:40:47.776+09:00  INFO 3568 --- [restartedMain] o.apache.catalina.core.StandardService   : Starting service [Tomcat]
2025-02-10T21:40:47.777+09:00  INFO 3568 --- [restartedMain] o.apache.catalina.core.StandardEngine    : Starting Servlet engine: [Apache Tomcat/10.1.34]
2025-02-10T21:40:47.797+09:00  INFO 3568 --- [restartedMain] o.a.c.c.C.[Tomcat].[localhost].[/]       : Initializing Spring embedded WebApplicationContext
2025-02-10T21:40:47.797+09:00  INFO 3568 --- [restartedMain] w.s.c.ServletWebServerApplicationContext : Root WebApplicationContext: initialization completed in 286 ms
2025-02-10T21:40:47.825+09:00  INFO 3568 --- [restartedMain] o.hibernate.jpa.internal.util.LogHelper  : HHH000204: Processing PersistenceUnitInfo [name: default]
2025-02-10T21:40:47.829+09:00  INFO 3568 --- [restartedMain] o.h.c.internal.RegionFactoryInitiator    : HHH000026: Second-level cache disabled
2025-02-10T21:40:47.838+09:00  INFO 3568 --- [restartedMain] o.s.o.j.p.SpringPersistenceUnitInfo      : No LoadTimeWeaver setup: ignoring JPA class transformer
2025-02-10T21:40:47.839+09:00  INFO 3568 --- [restartedMain] com.zaxxer.hikari.HikariDataSource       : HikariPool-4 - Starting...
2025-02-10T21:40:47.918+09:00  INFO 3568 --- [restartedMain] com.zaxxer.hikari.pool.HikariPool        : HikariPool-4 - Added connection org.postgresql.jdbc.PgConnection@10f4b7f6
2025-02-10T21:40:47.918+09:00  INFO 3568 --- [restartedMain] com.zaxxer.hikari.HikariDataSource       : HikariPool-4 - Start completed.
2025-02-10T21:40:47.926+09:00  WARN 3568 --- [restartedMain] org.hibernate.orm.deprecation            : HHH90000025: PostgreSQLDialect does not need to be specified explicitly using 'hibernate.dialect' (remove the property setting and it will be selected by default)
2025-02-10T21:40:47.928+09:00  INFO 3568 --- [restartedMain] org.hibernate.orm.connections.pooling    : HHH10001005: Database info:
	Database JDBC URL [Connecting through datasource 'HikariDataSource (HikariPool-4)']
	Database driver: undefined/unknown
	Database version: 17.2
	Autocommit mode: undefined/unknown
	Isolation level: undefined/unknown
	Minimum pool size: undefined/unknown
	Maximum pool size: undefined/unknown
2025-02-10T21:40:47.972+09:00  INFO 3568 --- [restartedMain] o.h.e.t.j.p.i.JtaPlatformInitiator       : HHH000489: No JTA platform available (set 'hibernate.transaction.jta.platform' to enable JTA platform integration)
2025-02-10T21:40:47.984+09:00  INFO 3568 --- [restartedMain] j.LocalContainerEntityManagerFactoryBean : Initialized JPA EntityManagerFactory for persistence unit 'default'
2025-02-10T21:40:48.030+09:00  WARN 3568 --- [restartedMain] JpaBaseConfiguration$JpaWebConfiguration : spring.jpa.open-in-view is enabled by default. Therefore, database queries may be performed during view rendering. Explicitly configure spring.jpa.open-in-view to disable this warning
2025-02-10T21:40:48.108+09:00  INFO 3568 --- [restartedMain] o.s.b.d.a.OptionalLiveReloadServer       : LiveReload server is running on port 35729
2025-02-10T21:40:48.118+09:00  INFO 3568 --- [restartedMain] o.s.b.w.embedded.tomcat.TomcatWebServer  : Tomcat started on port 8080 (http) with context path '/'
2025-02-10T21:40:48.122+09:00  INFO 3568 --- [restartedMain] org.msa.item.ItemServiceApplication      : Started ItemServiceApplication in 0.641 seconds (process running for 121.646)
2025-02-10T21:40:48.124+09:00  INFO 3568 --- [restartedMain] .ConditionEvaluationDeltaLoggingListener : Condition evaluation unchanged
2025-02-10T21:40:58.734+09:00  INFO 3568 --- [http-nio-8080-exec-1] o.a.c.c.C.[Tomcat].[localhost].[/]       : Initializing Spring DispatcherServlet 'dispatcherServlet'
2025-02-10T21:40:58.735+09:00  INFO 3568 --- [http-nio-8080-exec-1] o.s.web.servlet.DispatcherServlet        : Initializing Servlet 'dispatcherServlet'
2025-02-10T21:40:58.737+09:00  INFO 3568 --- [http-nio-8080-exec-1] o.s.web.servlet.DispatcherServlet        : Completed initialization in 2 ms
2025-02-10T21:40:58.746+09:00  WARN 3568 --- [http-nio-8080-exec-1] .w.s.m.s.DefaultHandlerExceptionResolver : Resolved [org.springframework.http.converter.HttpMessageNotReadableException: JSON parse error: Cannot deserialize value of type `long` from String "ee": not a valid `long` value]
2025-02-10T21:41:48.373+09:00  INFO 3568 --- [File Watcher] rtingClassPathChangeChangedEventListener : Restarting due to 1 class path change (0 additions, 0 deletions, 1 modification)
2025-02-10T21:41:48.374+09:00  INFO 3568 --- [Thread-15] o.s.b.w.e.tomcat.GracefulShutdown        : Commencing graceful shutdown. Waiting for active requests to complete
2025-02-10T21:41:48.448+09:00  INFO 3568 --- [tomcat-shutdown] o.s.b.w.e.tomcat.GracefulShutdown        : Graceful shutdown complete
2025-02-10T21:41:48.450+09:00  INFO 3568 --- [Thread-15] j.LocalContainerEntityManagerFactoryBean : Closing JPA EntityManagerFactory for persistence unit 'default'
2025-02-10T21:41:48.451+09:00  INFO 3568 --- [Thread-15] com.zaxxer.hikari.HikariDataSource       : HikariPool-4 - Shutdown initiated...
2025-02-10T21:41:48.465+09:00  INFO 3568 --- [Thread-15] com.zaxxer.hikari.HikariDataSource       : HikariPool-4 - Shutdown completed.
2025-02-10T21:41:48.558+09:00  INFO 3568 --- [restartedMain] org.msa.item.ItemServiceApplication      : Starting ItemServiceApplication using Java 17.0.5 with PID 3568 (C:\Users\HOME\eclipse-workspace\2-1.Microservice\item-service\bin\main started by HOME in C:\Users\HOME\eclipse-workspace\2-1.Microservice\item-service)
2025-02-10T21:41:48.559+09:00 DEBUG 3568 --- [restartedMain] org.msa.item.ItemServiceApplication      : Running with Spring Boot v3.4.2, Spring v6.2.2
2025-02-10T21:41:48.559+09:00  INFO 3568 --- [restartedMain] org.msa.item.ItemServiceApplication      : No active profile set, falling back to 1 default profile: "default"
2025-02-10T21:41:48.755+09:00  INFO 3568 --- [restartedMain] .s.d.r.c.RepositoryConfigurationDelegate : Bootstrapping Spring Data JPA repositories in DEFAULT mode.
2025-02-10T21:41:48.765+09:00  INFO 3568 --- [restartedMain] .s.d.r.c.RepositoryConfigurationDelegate : Finished Spring Data repository scanning in 8 ms. Found 1 JPA repository interface.
2025-02-10T21:41:48.863+09:00  INFO 3568 --- [restartedMain] o.s.b.w.embedded.tomcat.TomcatWebServer  : Tomcat initialized with port 8080 (http)
2025-02-10T21:41:48.865+09:00  INFO 3568 --- [restartedMain] o.apache.catalina.core.StandardService   : Starting service [Tomcat]
2025-02-10T21:41:48.866+09:00  INFO 3568 --- [restartedMain] o.apache.catalina.core.StandardEngine    : Starting Servlet engine: [Apache Tomcat/10.1.34]
2025-02-10T21:41:48.894+09:00  INFO 3568 --- [restartedMain] o.a.c.c.C.[Tomcat].[localhost].[/]       : Initializing Spring embedded WebApplicationContext
2025-02-10T21:41:48.895+09:00  INFO 3568 --- [restartedMain] w.s.c.ServletWebServerApplicationContext : Root WebApplicationContext: initialization completed in 334 ms
2025-02-10T21:41:48.921+09:00  INFO 3568 --- [restartedMain] o.hibernate.jpa.internal.util.LogHelper  : HHH000204: Processing PersistenceUnitInfo [name: default]
2025-02-10T21:41:48.924+09:00  INFO 3568 --- [restartedMain] o.h.c.internal.RegionFactoryInitiator    : HHH000026: Second-level cache disabled
2025-02-10T21:41:48.932+09:00  INFO 3568 --- [restartedMain] o.s.o.j.p.SpringPersistenceUnitInfo      : No LoadTimeWeaver setup: ignoring JPA class transformer
2025-02-10T21:41:48.933+09:00  INFO 3568 --- [restartedMain] com.zaxxer.hikari.HikariDataSource       : HikariPool-5 - Starting...
2025-02-10T21:41:49.009+09:00  INFO 3568 --- [restartedMain] com.zaxxer.hikari.pool.HikariPool        : HikariPool-5 - Added connection org.postgresql.jdbc.PgConnection@20c33f85
2025-02-10T21:41:49.009+09:00  INFO 3568 --- [restartedMain] com.zaxxer.hikari.HikariDataSource       : HikariPool-5 - Start completed.
2025-02-10T21:41:49.020+09:00  WARN 3568 --- [restartedMain] org.hibernate.orm.deprecation            : HHH90000025: PostgreSQLDialect does not need to be specified explicitly using 'hibernate.dialect' (remove the property setting and it will be selected by default)
2025-02-10T21:41:49.021+09:00  INFO 3568 --- [restartedMain] org.hibernate.orm.connections.pooling    : HHH10001005: Database info:
	Database JDBC URL [Connecting through datasource 'HikariDataSource (HikariPool-5)']
	Database driver: undefined/unknown
	Database version: 17.2
	Autocommit mode: undefined/unknown
	Isolation level: undefined/unknown
	Minimum pool size: undefined/unknown
	Maximum pool size: undefined/unknown
2025-02-10T21:41:49.058+09:00  INFO 3568 --- [restartedMain] o.h.e.t.j.p.i.JtaPlatformInitiator       : HHH000489: No JTA platform available (set 'hibernate.transaction.jta.platform' to enable JTA platform integration)
2025-02-10T21:41:49.069+09:00  INFO 3568 --- [restartedMain] j.LocalContainerEntityManagerFactoryBean : Initialized JPA EntityManagerFactory for persistence unit 'default'
2025-02-10T21:41:49.121+09:00  WARN 3568 --- [restartedMain] JpaBaseConfiguration$JpaWebConfiguration : spring.jpa.open-in-view is enabled by default. Therefore, database queries may be performed during view rendering. Explicitly configure spring.jpa.open-in-view to disable this warning
2025-02-10T21:41:49.196+09:00  INFO 3568 --- [restartedMain] o.s.b.d.a.OptionalLiveReloadServer       : LiveReload server is running on port 35729
2025-02-10T21:41:49.205+09:00  INFO 3568 --- [restartedMain] o.s.b.w.embedded.tomcat.TomcatWebServer  : Tomcat started on port 8080 (http) with context path '/'
2025-02-10T21:41:49.208+09:00  INFO 3568 --- [restartedMain] org.msa.item.ItemServiceApplication      : Started ItemServiceApplication in 0.692 seconds (process running for 182.732)
2025-02-10T21:41:49.210+09:00  INFO 3568 --- [restartedMain] .ConditionEvaluationDeltaLoggingListener : Condition evaluation unchanged
