2025-02-26T20:45:22.675+09:00  INFO 12220 --- [authentication-server] [restartedMain] o.m.a.AuthenticationServerApplication    : The following 1 profile is active: "local"
2025-02-26T20:45:23.293+09:00  INFO 12220 --- [authentication-server] [restartedMain] .s.d.r.c.RepositoryConfigurationDelegate : Bootstrapping Spring Data JPA repositories in DEFAULT mode.
2025-02-26T20:45:23.461+09:00  INFO 12220 --- [authentication-server] [restartedMain] .s.d.r.c.RepositoryConfigurationDelegate : Finished Spring Data repository scanning in 152 ms. Found 1 JPA repository interface.
2025-02-26T20:45:23.746+09:00  INFO 12220 --- [authentication-server] [restartedMain] o.s.cloud.context.scope.GenericScope     : BeanFactory id=d3b19d4c-696f-3ac1-8b62-624cd8d84c8c
2025-02-26T20:45:24.282+09:00  INFO 12220 --- [authentication-server] [restartedMain] o.s.b.w.embedded.tomcat.TomcatWebServer  : Tomcat initialized with port 8900 (http)
2025-02-26T20:45:24.303+09:00  INFO 12220 --- [authentication-server] [restartedMain] o.apache.catalina.core.StandardService   : Starting service [Tomcat]
2025-02-26T20:45:24.304+09:00  INFO 12220 --- [authentication-server] [restartedMain] o.apache.catalina.core.StandardEngine    : Starting Servlet engine: [Apache Tomcat/10.1.34]
2025-02-26T20:45:24.382+09:00  INFO 12220 --- [authentication-server] [restartedMain] o.a.c.c.C.[Tomcat].[localhost].[/]       : Initializing Spring embedded WebApplicationContext
2025-02-26T20:45:24.383+09:00  INFO 12220 --- [authentication-server] [restartedMain] w.s.c.ServletWebServerApplicationContext : Root WebApplicationContext: initialization completed in 1679 ms
2025-02-26T20:45:24.624+09:00  INFO 12220 --- [authentication-server] [restartedMain] o.hibernate.jpa.internal.util.LogHelper  : HHH000204: Processing PersistenceUnitInfo [name: default]
2025-02-26T20:45:24.718+09:00  INFO 12220 --- [authentication-server] [restartedMain] org.hibernate.Version                    : HHH000412: Hibernate ORM core version 6.6.5.Final
2025-02-26T20:45:24.786+09:00  INFO 12220 --- [authentication-server] [restartedMain] o.h.c.internal.RegionFactoryInitiator    : HHH000026: Second-level cache disabled
2025-02-26T20:45:25.149+09:00  INFO 12220 --- [authentication-server] [restartedMain] o.s.o.j.p.SpringPersistenceUnitInfo      : No LoadTimeWeaver setup: ignoring JPA class transformer
2025-02-26T20:45:25.189+09:00  INFO 12220 --- [authentication-server] [restartedMain] com.zaxxer.hikari.HikariDataSource       : HikariPool-1 - Starting...
2025-02-26T20:45:25.433+09:00  INFO 12220 --- [authentication-server] [restartedMain] com.zaxxer.hikari.pool.HikariPool        : HikariPool-1 - Added connection org.postgresql.jdbc.PgConnection@637cb0cc
2025-02-26T20:45:25.436+09:00  INFO 12220 --- [authentication-server] [restartedMain] com.zaxxer.hikari.HikariDataSource       : HikariPool-1 - Start completed.
2025-02-26T20:45:25.480+09:00  WARN 12220 --- [authentication-server] [restartedMain] org.hibernate.orm.deprecation            : HHH90000025: PostgreSQLDialect does not need to be specified explicitly using 'hibernate.dialect' (remove the property setting and it will be selected by default)
2025-02-26T20:45:25.505+09:00  INFO 12220 --- [authentication-server] [restartedMain] org.hibernate.orm.connections.pooling    : HHH10001005: Database info:
	Database JDBC URL [Connecting through datasource 'HikariDataSource (HikariPool-1)']
	Database driver: undefined/unknown
	Database version: 17.2
	Autocommit mode: undefined/unknown
	Isolation level: undefined/unknown
	Minimum pool size: undefined/unknown
	Maximum pool size: undefined/unknown
2025-02-26T20:45:26.615+09:00  INFO 12220 --- [authentication-server] [restartedMain] o.h.e.t.j.p.i.JtaPlatformInitiator       : HHH000489: No JTA platform available (set 'hibernate.transaction.jta.platform' to enable JTA platform integration)
2025-02-26T20:45:26.677+09:00  INFO 12220 --- [authentication-server] [restartedMain] j.LocalContainerEntityManagerFactoryBean : Initialized JPA EntityManagerFactory for persistence unit 'default'
2025-02-26T20:45:26.960+09:00  WARN 12220 --- [authentication-server] [restartedMain] JpaBaseConfiguration$JpaWebConfiguration : spring.jpa.open-in-view is enabled by default. Therefore, database queries may be performed during view rendering. Explicitly configure spring.jpa.open-in-view to disable this warning
2025-02-26T20:45:27.482+09:00  INFO 12220 --- [authentication-server] [restartedMain] o.s.b.d.a.OptionalLiveReloadServer       : LiveReload server is running on port 35729
2025-02-26T20:45:27.722+09:00  INFO 12220 --- [authentication-server] [restartedMain] DiscoveryClientOptionalArgsConfiguration : Eureka HTTP Client uses RestTemplate.
2025-02-26T20:45:27.794+09:00  WARN 12220 --- [authentication-server] [restartedMain] iguration$LoadBalancerCaffeineWarnLogger : Spring Cloud LoadBalancer is currently working with the default cache. While this cache implementation is useful for development and tests, it's recommended to use Caffeine cache in production.You can switch to using Caffeine cache, by adding it and org.springframework.cache.caffeine.CaffeineCacheManager to the classpath.
2025-02-26T20:45:27.870+09:00  INFO 12220 --- [authentication-server] [restartedMain] o.s.c.n.eureka.InstanceInfoFactory       : Setting initial instance status as: STARTING
2025-02-26T20:45:27.915+09:00  INFO 12220 --- [authentication-server] [restartedMain] com.netflix.discovery.DiscoveryClient    : Initializing Eureka in region us-east-1
2025-02-26T20:45:27.919+09:00  INFO 12220 --- [authentication-server] [restartedMain] c.n.d.s.r.aws.ConfigClusterResolver      : Resolving eureka endpoints via configuration
2025-02-26T20:45:27.934+09:00  INFO 12220 --- [authentication-server] [restartedMain] com.netflix.discovery.DiscoveryClient    : Disable delta property : false
2025-02-26T20:45:27.934+09:00  INFO 12220 --- [authentication-server] [restartedMain] com.netflix.discovery.DiscoveryClient    : Single vip registry refresh property : null
2025-02-26T20:45:27.934+09:00  INFO 12220 --- [authentication-server] [restartedMain] com.netflix.discovery.DiscoveryClient    : Force full registry fetch : false
2025-02-26T20:45:27.935+09:00  INFO 12220 --- [authentication-server] [restartedMain] com.netflix.discovery.DiscoveryClient    : Application is null : false
2025-02-26T20:45:27.935+09:00  INFO 12220 --- [authentication-server] [restartedMain] com.netflix.discovery.DiscoveryClient    : Registered Applications size is zero : true
2025-02-26T20:45:27.935+09:00  INFO 12220 --- [authentication-server] [restartedMain] com.netflix.discovery.DiscoveryClient    : Application version is -1: true
2025-02-26T20:45:27.935+09:00  INFO 12220 --- [authentication-server] [restartedMain] com.netflix.discovery.DiscoveryClient    : Getting all instance registry info from the eureka server
2025-02-26T20:45:28.298+09:00  INFO 12220 --- [authentication-server] [restartedMain] com.netflix.discovery.DiscoveryClient    : The response status is 200
2025-02-26T20:45:28.300+09:00  INFO 12220 --- [authentication-server] [restartedMain] com.netflix.discovery.DiscoveryClient    : Starting heartbeat executor: renew interval is: 30
2025-02-26T20:45:28.304+09:00  INFO 12220 --- [authentication-server] [restartedMain] c.n.discovery.InstanceInfoReplicator     : InstanceInfoReplicator onDemand update allowed rate per min is 4
2025-02-26T20:45:28.307+09:00  INFO 12220 --- [authentication-server] [restartedMain] com.netflix.discovery.DiscoveryClient    : Discovery Client initialized at timestamp 1740570328306 with initial instances count: 0
2025-02-26T20:45:28.312+09:00  INFO 12220 --- [authentication-server] [restartedMain] o.s.c.n.e.s.EurekaServiceRegistry        : Registering application AUTHENTICATION-SERVER with eureka with status UP
2025-02-26T20:45:28.313+09:00  INFO 12220 --- [authentication-server] [restartedMain] com.netflix.discovery.DiscoveryClient    : Saw local status change event StatusChangeEvent [timestamp=1740570328313, current=UP, previous=STARTING]
2025-02-26T20:45:28.315+09:00  INFO 12220 --- [authentication-server] [DiscoveryClient-InstanceInfoReplicator-%d] com.netflix.discovery.DiscoveryClient    : DiscoveryClient_AUTHENTICATION-SERVER/DESKTOP-NQP2DLJ:authentication-server:8900: registering service...
2025-02-26T20:45:28.365+09:00  INFO 12220 --- [authentication-server] [restartedMain] o.s.b.w.embedded.tomcat.TomcatWebServer  : Tomcat started on port 8900 (http) with context path '/'
2025-02-26T20:45:28.367+09:00  INFO 12220 --- [authentication-server] [restartedMain] .s.c.n.e.s.EurekaAutoServiceRegistration : Updating port to 8900
2025-02-26T20:45:28.390+09:00  INFO 12220 --- [authentication-server] [DiscoveryClient-InstanceInfoReplicator-%d] com.netflix.discovery.DiscoveryClient    : DiscoveryClient_AUTHENTICATION-SERVER/DESKTOP-NQP2DLJ:authentication-server:8900 - registration status: 204
2025-02-26T20:45:28.554+09:00  INFO 12220 --- [authentication-server] [restartedMain] o.m.a.AuthenticationServerApplication    : Started AuthenticationServerApplication in 7.42 seconds (process running for 8.798)
2025-02-26T20:45:58.307+09:00  INFO 12220 --- [authentication-server] [DiscoveryClient-CacheRefreshExecutor-%d] com.netflix.discovery.DiscoveryClient    : Disable delta property : false
2025-02-26T20:45:58.307+09:00  INFO 12220 --- [authentication-server] [DiscoveryClient-CacheRefreshExecutor-%d] com.netflix.discovery.DiscoveryClient    : Single vip registry refresh property : null
2025-02-26T20:45:58.307+09:00  INFO 12220 --- [authentication-server] [DiscoveryClient-CacheRefreshExecutor-%d] com.netflix.discovery.DiscoveryClient    : Force full registry fetch : false
2025-02-26T20:45:58.307+09:00  INFO 12220 --- [authentication-server] [DiscoveryClient-CacheRefreshExecutor-%d] com.netflix.discovery.DiscoveryClient    : Application is null : false
2025-02-26T20:45:58.307+09:00  INFO 12220 --- [authentication-server] [DiscoveryClient-CacheRefreshExecutor-%d] com.netflix.discovery.DiscoveryClient    : Registered Applications size is zero : true
2025-02-26T20:45:58.308+09:00  INFO 12220 --- [authentication-server] [DiscoveryClient-CacheRefreshExecutor-%d] com.netflix.discovery.DiscoveryClient    : Application version is -1: false
2025-02-26T20:45:58.308+09:00  INFO 12220 --- [authentication-server] [DiscoveryClient-CacheRefreshExecutor-%d] com.netflix.discovery.DiscoveryClient    : Getting all instance registry info from the eureka server
2025-02-26T20:45:58.325+09:00  INFO 12220 --- [authentication-server] [DiscoveryClient-CacheRefreshExecutor-%d] com.netflix.discovery.DiscoveryClient    : The response status is 200
2025-02-26T20:45:59.059+09:00  INFO 12220 --- [authentication-server] [http-nio-8900-exec-2] o.a.c.c.C.[Tomcat].[localhost].[/]       : Initializing Spring DispatcherServlet 'dispatcherServlet'
2025-02-26T20:45:59.060+09:00  INFO 12220 --- [authentication-server] [http-nio-8900-exec-2] o.s.web.servlet.DispatcherServlet        : Initializing Servlet 'dispatcherServlet'
2025-02-26T20:45:59.061+09:00  INFO 12220 --- [authentication-server] [http-nio-8900-exec-2] o.s.web.servlet.DispatcherServlet        : Completed initialization in 1 ms
2025-02-26T20:45:59.360+09:00 DEBUG 12220 --- [authentication-server] [http-nio-8900-exec-2] o.m.a.c.AuthenticationController         : join.account.id = admin
2025-02-26T20:46:01.756+09:00 DEBUG 12220 --- [authentication-server] [http-nio-8900-exec-3] o.m.a.c.AuthenticationController         : token.account.id = admin
2025-02-26T20:48:53.611+09:00  INFO 12220 --- [authentication-server] [RMI TCP Connection(2)-127.0.0.1] inMXBeanRegistrar$SpringApplicationAdmin : Application shutdown requested.
2025-02-26T20:48:53.612+09:00  INFO 12220 --- [authentication-server] [RMI TCP Connection(2)-127.0.0.1] o.s.c.n.e.s.EurekaServiceRegistry        : Unregistering application AUTHENTICATION-SERVER with eureka with status DOWN
2025-02-26T20:48:53.612+09:00  INFO 12220 --- [authentication-server] [RMI TCP Connection(2)-127.0.0.1] com.netflix.discovery.DiscoveryClient    : Saw local status change event StatusChangeEvent [timestamp=1740570533612, current=DOWN, previous=UP]
2025-02-26T20:48:53.612+09:00  INFO 12220 --- [authentication-server] [DiscoveryClient-InstanceInfoReplicator-%d] com.netflix.discovery.DiscoveryClient    : DiscoveryClient_AUTHENTICATION-SERVER/DESKTOP-NQP2DLJ:authentication-server:8900: registering service...
2025-02-26T20:48:53.615+09:00  INFO 12220 --- [authentication-server] [RMI TCP Connection(2)-127.0.0.1] o.s.b.w.e.tomcat.GracefulShutdown        : Commencing graceful shutdown. Waiting for active requests to complete
2025-02-26T20:48:53.618+09:00  INFO 12220 --- [authentication-server] [DiscoveryClient-InstanceInfoReplicator-%d] com.netflix.discovery.DiscoveryClient    : DiscoveryClient_AUTHENTICATION-SERVER/DESKTOP-NQP2DLJ:authentication-server:8900 - registration status: 204
2025-02-26T20:48:53.671+09:00  INFO 12220 --- [authentication-server] [tomcat-shutdown] o.s.b.w.e.tomcat.GracefulShutdown        : Graceful shutdown complete
2025-02-26T20:48:53.675+09:00  INFO 12220 --- [authentication-server] [RMI TCP Connection(2)-127.0.0.1] j.LocalContainerEntityManagerFactoryBean : Closing JPA EntityManagerFactory for persistence unit 'default'
2025-02-26T20:48:53.677+09:00  INFO 12220 --- [authentication-server] [RMI TCP Connection(2)-127.0.0.1] com.zaxxer.hikari.HikariDataSource       : HikariPool-1 - Shutdown initiated...
2025-02-26T20:48:53.680+09:00  INFO 12220 --- [authentication-server] [RMI TCP Connection(2)-127.0.0.1] com.zaxxer.hikari.HikariDataSource       : HikariPool-1 - Shutdown completed.
2025-02-26T20:48:53.681+09:00  INFO 12220 --- [authentication-server] [RMI TCP Connection(2)-127.0.0.1] com.netflix.discovery.DiscoveryClient    : Shutting down DiscoveryClient ...
